2020-08-21 16:03:39 : 000020 시작 16:03:39 
2020-08-21 16:03:40 : 000810 시작 16:03:40 
2020-08-21 16:03:40 : 001527 시작 16:03:40 
2020-08-21 16:03:40 : 002620 시작 16:03:40 
2020-08-21 16:03:40 : 003520 시작 16:03:40 
2020-08-21 16:03:40 : 004545 시작 16:03:40 
2020-08-21 16:03:40 : 005725 시작 16:03:40 
2020-08-21 16:03:40 : 007110 시작 16:03:40 
2020-08-21 16:05:03 : 001527 완료 16:05:03 
2020-08-21 16:05:03 : 001529 시작 16:05:03 
2020-08-21 16:05:12 : 000020 완료 16:05:12 
2020-08-21 16:05:12 : 007110 완료 16:05:12 
2020-08-21 16:05:12 : 000040 시작 16:05:12 
2020-08-21 16:05:12 : 007120 시작 16:05:12 
2020-08-21 16:05:13 : 000810 완료 16:05:13 
2020-08-21 16:05:13 : 000815 시작 16:05:13 
2020-08-21 16:05:13 : 003520 완료 16:05:13 
2020-08-21 16:05:13 : 002620 완료 16:05:13 
2020-08-21 16:05:13 : 005725 완료 16:05:13 
2020-08-21 16:05:13 : 003530 시작 16:05:13 
2020-08-21 16:05:13 : 002630 시작 16:05:13 
2020-08-21 16:05:13 : 005740 시작 16:05:13 
2020-08-21 16:05:14 : 004545 완료 16:05:13 
2020-08-21 16:05:14 : 004560 시작 16:05:14 
2020-08-21 16:05:52 : 001529 완료 16:05:52 
2020-08-21 16:05:52 : 001530 시작 16:05:52 
2020-08-21 16:11:40 : 000020 시작 16:11:40 
2020-08-21 16:11:40 : 001060 시작 16:11:40 
2020-08-21 16:11:40 : 002220 시작 16:11:40 
2020-08-21 16:11:40 : 003535 시작 16:11:40 
2020-08-21 16:11:40 : 006490 시작 16:11:40 
2020-08-21 16:11:40 : 004985 시작 16:11:40 
2020-08-21 16:12:47 : 000020 완료 16:12:47 
2020-08-21 16:12:47 : 000040 시작 16:12:47 
2020-08-21 16:12:48 : 004985 완료 16:12:48 
2020-08-21 16:12:48 : 003535 완료 16:12:48 
2020-08-21 16:12:48 : 004990 시작 16:12:48 
2020-08-21 16:12:48 : 003540 시작 16:12:48 
2020-08-21 16:12:48 : 006490 완료 16:12:48 
2020-08-21 16:12:48 : 006570 시작 16:12:48 
2020-08-21 16:12:49 : 001060 완료 16:12:49 
2020-08-21 16:12:49 : 001065 시작 16:12:49 
2020-08-21 16:12:50 : 002220 완료 16:12:49 
2020-08-21 16:12:50 : 002240 시작 16:12:50 
2020-08-21 16:25:28 : 000020 시작 16:25:28 
2020-08-21 16:25:28 : 002220 시작 16:25:28 
2020-08-21 16:25:28 : 001060 시작 16:25:28 
2020-08-21 16:25:28 : 004985 시작 16:25:28 
2020-08-21 16:25:28 : 006490 시작 16:25:28 
2020-08-21 16:25:28 : 003535 시작 16:25:28 
2020-08-21 16:27:06 : 000020 시작 16:27:06 
2020-08-21 16:27:06 : 002220 시작 16:27:06 
2020-08-21 16:27:06 : 003535 시작 16:27:06 
2020-08-21 16:27:06 : 001060 시작 16:27:06 
2020-08-21 16:27:06 : 004985 시작 16:27:06 
2020-08-21 16:27:06 : 006490 시작 16:27:06 
2020-08-21 16:28:37 : 000020 시작 16:28:37 
2020-08-21 16:28:37 : 002220 시작 16:28:37 
2020-08-21 16:28:37 : 003535 시작 16:28:37 
2020-08-21 16:28:37 : 001060 시작 16:28:37 
2020-08-21 16:28:37 : 004985 시작 16:28:37 
2020-08-21 16:28:37 : 006490 시작 16:28:37 
2020-08-21 16:29:23 : 000020 시작 16:29:23 
2020-08-21 16:29:23 : 001060 시작 16:29:23 
2020-08-21 16:29:23 : 003535 시작 16:29:23 
2020-08-21 16:29:23 : 002220 시작 16:29:23 
2020-08-21 16:29:23 : 004985 시작 16:29:23 
2020-08-21 16:29:23 : 006490 시작 16:29:23 
2020-08-21 16:30:18 : 000020 시작 16:30:18 
2020-08-21 16:30:18 : 003535 시작 16:30:18 
2020-08-21 16:30:18 : 001060 시작 16:30:18 
2020-08-21 16:30:18 : 002220 시작 16:30:18 
2020-08-21 16:30:18 : 004985 시작 16:30:18 
2020-08-21 16:30:18 : 006490 시작 16:30:18 
2020-08-21 16:32:06 : 000020 시작 16:32:06 
2020-08-21 16:32:06 : 002220 시작 16:32:06 
2020-08-21 16:32:06 : 001060 시작 16:32:06 
2020-08-21 16:32:06 : 003535 시작 16:32:06 
2020-08-21 16:32:06 : 006490 시작 16:32:06 
2020-08-21 16:32:06 : 004985 시작 16:32:06 
2020-08-21 16:35:22 : 002220 시작 16:35:22 
2020-08-21 16:35:22 : 000020 시작 16:35:22 
2020-08-21 16:35:22 : 003535 시작 16:35:22 
2020-08-21 16:35:22 : 001060 시작 16:35:22 
2020-08-21 16:35:22 : 004985 시작 16:35:22 
2020-08-21 16:35:22 : 006490 시작 16:35:22 
2020-08-21 16:35:22 : 009290 시작 16:35:22 
2020-08-21 16:35:22 : 030610 시작 16:35:22 
2020-08-21 16:35:22 : 012200 시작 16:35:22 
2020-08-21 16:35:22 : 017810 시작 16:35:22 
2020-08-21 16:35:22 : 055490 시작 16:35:22 
2020-08-21 16:35:22 : 088350 시작 16:35:22 
2020-08-21 16:35:22 : 174360 시작 16:35:22 
2020-08-21 16:35:22 : 223190 시작 16:35:22 
2020-08-21 16:35:22 : 107590 시작 16:35:22 
2020-08-21 16:35:22 : 139240 시작 16:35:22 
2020-08-21 16:35:22 : 252000 시작 16:35:22 
2020-08-21 16:35:23 : 272220 시작 16:35:23 
2020-08-21 16:35:23 : 334890 시작 16:35:23 
2020-08-21 16:35:23 : 291620 시작 16:35:23 
2020-08-21 16:35:23 : 500010 시작 16:35:23 
2020-08-21 16:35:23 : 530016 시작 16:35:23 
2020-08-21 16:35:23 : 305720 시작 16:35:23 
2020-08-21 16:35:23 : 570020 시작 16:35:23 
2020-08-21 16:35:47 : 000020 시작 16:35:47 
2020-08-21 16:35:47 : 001060 시작 16:35:47 
2020-08-21 16:35:47 : 002220 시작 16:35:47 
2020-08-21 16:35:47 : 003535 시작 16:35:47 
2020-08-21 16:35:47 : 004985 시작 16:35:47 
2020-08-21 16:35:47 : 006490 시작 16:35:47 
2020-08-21 16:35:47 : 009290 시작 16:35:47 
2020-08-21 16:35:47 : 017810 시작 16:35:47 
2020-08-21 16:35:47 : 012200 시작 16:35:47 
2020-08-21 16:35:47 : 030610 시작 16:35:47 
2020-08-21 16:35:47 : 055490 시작 16:35:47 
2020-08-21 16:35:47 : 088350 시작 16:35:47 
2020-08-21 16:35:47 : 107590 시작 16:35:47 
2020-08-21 16:35:47 : 174360 시작 16:35:47 
2020-08-21 16:35:47 : 139240 시작 16:35:47 
2020-08-21 16:35:47 : 272220 시작 16:35:47 
2020-08-21 16:35:47 : 223190 시작 16:35:47 
2020-08-21 16:35:47 : 252000 시작 16:35:47 
2020-08-21 16:35:47 : 291620 시작 16:35:47 
2020-08-21 16:35:48 : 334890 시작 16:35:48 
2020-08-21 16:35:48 : 305720 시작 16:35:48 
2020-08-21 16:35:48 : 500010 시작 16:35:48 
2020-08-21 16:35:48 : 570020 시작 16:35:48 
2020-08-21 16:35:48 : 530016 시작 16:35:48 
2020-08-21 16:36:18 : 000020 시작 16:36:18 
2020-08-21 16:36:18 : 002220 시작 16:36:18 
2020-08-21 16:36:18 : 001060 시작 16:36:18 
2020-08-21 16:36:18 : 003535 시작 16:36:18 
2020-08-21 16:36:18 : 006490 시작 16:36:18 
2020-08-21 16:36:18 : 004985 시작 16:36:18 
2020-08-21 16:36:18 : 009290 시작 16:36:18 
2020-08-21 16:36:18 : 012200 시작 16:36:18 
2020-08-21 16:36:18 : 017810 시작 16:36:18 
2020-08-21 16:36:18 : 030610 시작 16:36:18 
2020-08-21 16:36:18 : 055490 시작 16:36:18 
2020-08-21 16:36:18 : 088350 시작 16:36:18 
2020-08-21 16:36:18 : 107590 시작 16:36:18 
2020-08-21 16:36:18 : 174360 시작 16:36:18 
2020-08-21 16:36:18 : 223190 시작 16:36:18 
2020-08-21 16:36:18 : 139240 시작 16:36:18 
2020-08-21 16:36:18 : 272220 시작 16:36:18 
2020-08-21 16:36:18 : 252000 시작 16:36:18 
2020-08-21 16:36:18 : 291620 시작 16:36:18 
2020-08-21 16:36:18 : 334890 시작 16:36:18 
2020-08-21 16:36:18 : 305720 시작 16:36:18 
2020-08-21 16:36:19 : 500010 시작 16:36:19 
2020-08-21 16:36:19 : 530016 시작 16:36:19 
2020-08-21 16:36:19 : 570020 시작 16:36:19 
2020-08-21 16:37:06 : 000020 시작 16:37:06 
2020-08-21 16:37:06 : 001060 시작 16:37:06 
2020-08-21 16:37:06 : 002220 시작 16:37:06 
2020-08-21 16:37:06 : 003535 시작 16:37:06 
2020-08-21 16:37:06 : 004985 시작 16:37:06 
2020-08-21 16:37:06 : 006490 시작 16:37:06 
2020-08-21 16:38:33 : 000020 시작 16:38:33 
2020-08-21 16:38:33 : 002220 시작 16:38:33 
2020-08-21 16:38:33 : 003535 시작 16:38:33 
2020-08-21 16:38:33 : 001060 시작 16:38:33 
2020-08-21 16:38:33 : 006490 시작 16:38:33 
2020-08-21 16:38:33 : 004985 시작 16:38:33 
2020-08-21 16:38:50 : 000020 시작 16:38:50 
2020-08-21 16:38:50 : 001060 시작 16:38:50 
2020-08-21 16:38:50 : 003535 시작 16:38:50 
2020-08-21 16:38:50 : 002220 시작 16:38:50 
2020-08-21 16:38:50 : 004985 시작 16:38:50 
2020-08-21 16:38:50 : 006490 시작 16:38:50 
2020-08-21 16:38:51 : 009290 시작 16:38:51 
2020-08-21 16:39:05 : 000020 시작 16:39:05 
2020-08-21 16:39:05 : 002220 시작 16:39:05 
2020-08-21 16:39:05 : 001060 시작 16:39:05 
2020-08-21 16:39:05 : 003535 시작 16:39:05 
2020-08-21 16:39:05 : 004985 시작 16:39:05 
2020-08-21 16:39:05 : 006490 시작 16:39:05 
2020-08-21 16:39:23 : 009290 시작 16:39:23 
2020-08-21 16:48:32 : 000020 시작 16:48:32 
2020-08-21 16:48:32 : 002220 시작 16:48:32 
2020-08-21 16:48:32 : 003535 시작 16:48:32 
2020-08-21 16:48:32 : 004985 시작 16:48:32 
2020-08-21 16:48:32 : 001060 시작 16:48:32 
2020-08-21 16:48:32 : 006490 시작 16:48:32 
2020-08-21 16:49:47 : 009290 시작 16:49:47 
2020-08-21 16:49:48 : 012200 시작 16:49:48 
2020-08-21 16:49:49 : 017810 시작 16:49:49 
2020-08-21 16:49:49 : 030610 시작 16:49:49 
2020-08-21 16:49:50 : 055490 시작 16:49:50 
2020-08-21 16:49:51 : 088350 시작 16:49:51 
2020-08-21 16:50:00 : 107590 시작 16:50:00 
2020-08-21 16:50:26 : 139240 시작 16:50:26 
2020-08-21 16:50:36 : 107590 완료 16:50:36 
2020-08-21 16:50:36 : 108450 시작 16:50:36 
2020-08-21 16:50:56 : 174360 시작 16:50:56 
2020-08-21 16:50:57 : 223190 시작 16:50:57 
2020-08-21 16:51:08 : 252000 시작 16:51:08 
2020-08-21 16:51:09 : 272220 시작 16:51:09 
2020-08-21 16:51:09 : 291620 시작 16:51:09 
2020-08-21 16:51:13 : 305720 시작 16:51:13 
2020-08-21 16:51:13 : 108450 완료 16:51:13 
2020-08-21 16:51:13 : 108590 시작 16:51:13 
2020-08-21 16:51:17 : 291620 완료 16:51:17 
2020-08-21 16:51:17 : 291630 시작 16:51:17 
2020-08-21 16:51:19 : 334890 시작 16:51:19 
2020-08-21 16:51:19 : 500010 시작 16:51:19 
2020-08-21 16:51:19 : 530016 시작 16:51:19 
2020-08-21 16:51:19 : 570020 시작 16:51:19 
2020-08-21 16:51:24 : 291630 완료 16:51:24 
2020-08-21 16:51:24 : 291660 시작 16:51:24 
2020-08-21 16:51:30 : 291660 완료 16:51:30 
2020-08-21 16:51:30 : 291680 시작 16:51:30 
2020-08-21 16:56:43 : 000020 시작 16:56:43 
2020-08-21 16:56:43 : 004985 시작 16:56:43 
2020-08-21 16:56:43 : 002220 시작 16:56:43 
2020-08-21 16:56:43 : 001060 시작 16:56:43 
2020-08-21 16:56:43 : 003535 시작 16:56:43 
2020-08-21 16:56:43 : 006490 시작 16:56:43 
2020-08-21 16:57:11 : 000020 시작 16:57:11 
2020-08-21 16:57:11 : 002220 시작 16:57:11 
2020-08-21 16:57:11 : 001060 시작 16:57:11 
2020-08-21 16:57:12 : 004985 시작 16:57:12 
2020-08-21 16:57:12 : 003535 시작 16:57:12 
2020-08-21 16:57:12 : 006490 시작 16:57:12 
2020-08-21 16:58:14 : 012200 시작 16:58:14 
2020-08-21 16:58:14 : 017810 시작 16:58:14 
2020-08-21 16:58:14 : 009290 시작 16:58:14 
2020-08-21 16:58:14 : 030610 시작 16:58:14 
2020-08-21 16:58:15 : 055490 시작 16:58:15 
2020-08-21 16:58:15 : 088350 시작 16:58:15 
2020-08-21 16:58:22 : 107590 시작 16:58:22 
2020-08-21 16:58:41 : 139240 시작 16:58:41 
2020-08-21 16:58:51 : 107590 완료 16:58:51 
2020-08-21 16:58:51 : 108450 시작 16:58:51 
2020-08-21 16:59:04 : 174360 시작 16:59:04 
2020-08-21 16:59:08 : 223190 시작 16:59:08 
2020-08-21 16:59:17 : 252000 시작 16:59:17 
2020-08-21 16:59:17 : 272220 시작 16:59:17 
2020-08-21 16:59:17 : 291620 시작 16:59:17 
2020-08-21 16:59:20 : 108450 완료 16:59:20 
2020-08-21 16:59:20 : 305720 시작 16:59:20 
2020-08-21 16:59:20 : 108590 시작 16:59:20 
2020-08-21 16:59:22 : 334890 시작 16:59:22 
2020-08-21 16:59:22 : 500010 시작 16:59:22 
2020-08-21 16:59:23 : 291620 완료 16:59:23 
2020-08-21 16:59:23 : 291630 시작 16:59:23 
2020-08-21 16:59:24 : 530016 시작 16:59:24 
2020-08-21 16:59:24 : 570020 시작 16:59:24 
2020-08-21 16:59:28 : 291630 완료 16:59:28 
2020-08-21 16:59:29 : 291660 시작 16:59:29 
2020-08-21 16:59:33 : 291660 완료 16:59:33 
2020-08-21 16:59:34 : 291680 시작 16:59:34 
2020-08-21 17:00:20 : 000020 시작 17:00:20 
2020-08-21 17:00:20 : 002220 시작 17:00:20 
2020-08-21 17:00:20 : 001060 시작 17:00:20 
2020-08-21 17:00:20 : 003535 시작 17:00:20 
2020-08-21 17:00:20 : 004985 시작 17:00:20 
2020-08-21 17:00:20 : 006490 시작 17:00:20 
2020-08-21 17:01:05 : 000020 시작 17:01:05 
2020-08-21 17:01:05 : 001060 시작 17:01:05 
2020-08-21 17:01:05 : 003535 시작 17:01:05 
2020-08-21 17:01:05 : 002220 시작 17:01:05 
2020-08-21 17:01:05 : 006490 시작 17:01:05 
2020-08-21 17:01:05 : 004985 시작 17:01:05 
2020-08-21 17:02:06 : 009290 시작 17:02:06 
2020-08-21 17:02:06 : 012200 시작 17:02:06 
2020-08-21 17:02:06 : 017810 시작 17:02:06 
2020-08-21 17:02:07 : 030610 시작 17:02:07 
2020-08-21 17:02:08 : 055490 시작 17:02:08 
2020-08-21 17:02:15 : 088350 시작 17:02:15 
2020-08-21 17:02:29 : 107590 시작 17:02:29 
2020-08-21 17:02:41 : 139240 시작 17:02:41 
2020-08-21 17:02:59 : 107590 완료 17:02:58 
2020-08-21 17:02:59 : 108450 시작 17:02:59 
2020-08-21 17:03:00 : 174360 시작 17:03:00 
2020-08-21 17:03:04 : 223190 시작 17:03:04 
2020-08-21 17:03:09 : 252000 시작 17:03:09 
2020-08-21 17:03:10 : 272220 시작 17:03:10 
2020-08-21 17:03:11 : 291620 시작 17:03:11 
2020-08-21 17:03:17 : 291620 완료 17:03:17 
2020-08-21 17:03:17 : 291630 시작 17:03:17 
2020-08-21 17:03:17 : 305720 시작 17:03:17 
2020-08-21 17:03:18 : 334890 시작 17:03:18 
2020-08-21 17:03:19 : 500010 시작 17:03:19 
2020-08-21 17:03:19 : 530016 시작 17:03:19 
2020-08-21 17:03:19 : 570020 시작 17:03:19 
2020-08-21 17:03:23 : 291630 완료 17:03:23 
2020-08-21 17:03:23 : 291660 시작 17:03:23 
2020-08-21 17:03:27 : 108450 완료 17:03:27 
2020-08-21 17:03:27 : 108590 시작 17:03:27 
2020-08-21 17:03:28 : 291660 완료 17:03:28 
2020-08-21 17:03:28 : 291680 시작 17:03:28 
2020-08-21 17:11:58 : 000020 시작 17:11:58 
2020-08-21 17:11:58 : 003535 시작 17:11:58 
2020-08-21 17:11:58 : 002220 시작 17:11:58 
2020-08-21 17:11:58 : 001060 시작 17:11:58 
2020-08-21 17:11:59 : 004985 시작 17:11:59 
2020-08-21 17:12:00 : 006490 시작 17:12:00 
2020-08-21 17:14:31 : 000020 시작 17:14:31 
2020-08-21 17:14:31 : 002220 시작 17:14:31 
2020-08-21 17:14:31 : 003535 시작 17:14:31 
2020-08-21 17:14:32 : 004985 시작 17:14:32 
2020-08-21 17:14:32 : 001060 시작 17:14:32 
2020-08-21 17:14:32 : 006490 시작 17:14:32 
2020-08-21 17:14:45 : 002220 시작 17:14:45 
2020-08-21 17:14:45 : 000020 시작 17:14:45 
2020-08-21 17:14:45 : 003535 시작 17:14:45 
2020-08-21 17:14:45 : 001060 시작 17:14:45 
2020-08-21 17:14:46 : 004985 시작 17:14:46 
2020-08-21 17:14:50 : 006490 시작 17:14:50 
2020-08-21 17:16:04 : 003535 완료 17:16:04 
2020-08-21 17:16:05 : 003540 시작 17:16:05 
2020-08-21 17:16:05 : 000020 완료 17:16:05 
2020-08-21 17:16:05 : 000040 시작 17:16:05 
2020-08-21 17:16:05 : 001060 완료 17:16:05 
2020-08-21 17:16:05 : 004985 완료 17:16:05 
2020-08-21 17:16:05 : 001065 시작 17:16:05 
2020-08-21 17:16:05 : 004990 시작 17:16:05 
2020-08-21 17:16:05 : 002220 완료 17:16:05 
2020-08-21 17:16:05 : 002240 시작 17:16:05 
2020-08-21 17:16:08 : 006490 완료 17:16:08 
2020-08-21 17:16:08 : 006570 시작 17:16:08 
2020-08-21 17:17:49 : 002220 시작 17:17:49 
2020-08-21 17:17:49 : 000020 시작 17:17:49 
2020-08-21 17:17:49 : 003535 시작 17:17:49 
2020-08-21 17:17:49 : 001060 시작 17:17:49 
2020-08-21 17:17:50 : 004985 시작 17:17:50 
2020-08-21 17:17:51 : 006490 시작 17:17:51 
2020-08-21 17:20:29 : 002220 시작 17:20:29 
2020-08-21 17:20:29 : 000020 시작 17:20:29 
2020-08-21 17:20:29 : 003535 시작 17:20:29 
2020-08-21 17:20:29 : 001060 시작 17:20:29 
2020-08-21 17:20:29 : 006490 시작 17:20:29 
2020-08-21 17:20:29 : 004985 시작 17:20:29 
2020-08-21 17:21:30 : 002220 완료 17:21:30 
2020-08-21 17:21:30 : 002240 시작 17:21:30 
2020-08-21 17:21:30 : 001060 완료 17:21:30 
2020-08-21 17:21:30 : 000020 완료 17:21:30 
2020-08-21 17:21:30 : 000040 시작 17:21:30 
2020-08-21 17:21:30 : 001065 시작 17:21:30 
2020-08-21 17:21:30 : 006490 완료 17:21:30 
2020-08-21 17:21:30 : 006570 시작 17:21:30 
2020-08-21 17:21:30 : 003535 완료 17:21:30 
2020-08-21 17:21:30 : 003540 시작 17:21:30 
2020-08-21 17:21:31 : 004985 완료 17:21:30 
2020-08-21 17:21:31 : 004990 시작 17:21:31 
2020-08-21 17:22:31 : 000040 완료 17:22:31 
2020-08-21 17:22:31 : 000050 시작 17:22:31 
2020-08-21 17:22:32 : 003540 완료 17:22:32 
2020-08-21 17:22:32 : 003545 시작 17:22:32 
2020-08-21 17:22:32 : 002240 완료 17:22:32 
2020-08-21 17:22:32 : 002270 시작 17:22:32 
2020-08-21 17:22:33 : 006570 완료 17:22:33 
2020-08-21 17:22:33 : 006650 시작 17:22:33 
2020-08-21 17:22:34 : 001065 완료 17:22:34 
2020-08-21 17:22:34 : 004990 완료 17:22:34 
2020-08-21 17:22:34 : 001067 시작 17:22:34 
2020-08-21 17:22:34 : 00499K 시작 17:22:34 
2020-08-21 17:22:42 : 00499K 완료 17:22:42 
2020-08-21 17:22:42 : 005010 시작 17:22:42 
2020-08-21 17:23:35 : 006650 완료 17:23:35 
2020-08-21 17:23:35 : 006660 시작 17:23:35 
2020-08-21 17:23:39 : 001067 완료 17:23:39 
2020-08-21 17:23:39 : 001070 시작 17:23:39 
2020-08-21 17:23:43 : 000050 완료 17:23:43 
2020-08-21 17:23:43 : 000060 시작 17:23:43 
2020-08-21 17:23:43 : 003545 완료 17:23:43 
2020-08-21 17:23:43 : 003547 시작 17:23:43 
2020-08-21 17:23:45 : 002270 완료 17:23:45 
2020-08-21 17:23:45 : 002310 시작 17:23:45 
2020-08-21 17:23:54 : 005010 완료 17:23:54 
2020-08-21 17:23:54 : 005030 시작 17:23:54 
2020-08-21 17:24:20 : 003547 완료 17:24:20 
2020-08-21 17:24:20 : 003550 시작 17:24:20 
2020-08-21 17:24:47 : 006660 완료 17:24:47 
2020-08-21 17:24:47 : 006740 시작 17:24:47 
2020-08-21 17:24:50 : 001070 완료 17:24:50 
2020-08-21 17:24:50 : 001080 시작 17:24:50 
2020-08-21 17:24:55 : 000060 완료 17:24:55 
2020-08-21 17:24:55 : 000070 시작 17:24:55 
2020-08-21 17:24:57 : 002310 완료 17:24:57 
2020-08-21 17:24:57 : 002320 시작 17:24:57 
2020-08-21 17:25:07 : 005030 완료 17:25:07 
2020-08-21 17:25:07 : 005070 시작 17:25:07 
2020-08-21 17:25:31 : 003550 완료 17:25:31 
2020-08-21 17:25:31 : 003555 시작 17:25:31 
2020-08-21 17:25:57 : 006740 완료 17:25:57 
2020-08-21 17:25:57 : 006800 시작 17:25:57 
2020-08-21 17:26:00 : 001080 완료 17:26:00 
2020-08-21 17:26:00 : 001120 시작 17:26:00 
2020-08-21 17:26:08 : 000070 완료 17:26:07 
2020-08-21 17:26:08 : 000075 시작 17:26:08 
2020-08-21 17:26:08 : 002320 완료 17:26:08 
2020-08-21 17:26:08 : 002350 시작 17:26:08 
2020-08-21 17:26:18 : 005070 완료 17:26:18 
2020-08-21 17:26:18 : 005090 시작 17:26:18 
2020-08-21 17:26:45 : 003555 완료 17:26:45 
2020-08-21 17:26:45 : 003560 시작 17:26:45 
2020-08-21 17:27:08 : 006800 완료 17:27:08 
2020-08-21 17:27:08 : 006805 시작 17:27:08 
2020-08-21 17:27:13 : 001120 완료 17:27:13 
2020-08-21 17:27:13 : 001130 시작 17:27:13 
2020-08-21 17:27:20 : 002350 완료 17:27:20 
2020-08-21 17:27:21 : 002355 시작 17:27:21 
2020-08-21 17:27:21 : 000075 완료 17:27:21 
2020-08-21 17:27:21 : 000080 시작 17:27:21 
2020-08-21 17:27:30 : 005090 완료 17:27:30 
2020-08-21 17:27:30 : 005110 시작 17:27:30 
2020-08-21 17:27:52 : 000080 완료 17:27:52 
2020-08-21 17:27:52 : 000087 시작 17:27:52 
2020-08-21 17:27:57 : 003560 완료 17:27:57 
2020-08-21 17:27:57 : 003570 시작 17:27:57 
2020-08-21 17:28:25 : 000087 완료 17:28:25 
2020-08-21 17:28:25 : 000100 시작 17:28:25 
2020-08-21 17:28:27 : 006805 완료 17:28:27 
2020-08-21 17:28:27 : 00680K 시작 17:28:27 
2020-08-21 17:28:31 : 002355 완료 17:28:31 
2020-08-21 17:28:31 : 002360 시작 17:28:31 
2020-08-21 17:28:34 : 001130 완료 17:28:33 
2020-08-21 17:28:34 : 001140 시작 17:28:34 
2020-08-21 17:28:36 : 00680K 완료 17:28:36 
2020-08-21 17:28:36 : 006840 시작 17:28:36 
2020-08-21 17:28:56 : 005110 완료 17:28:55 
2020-08-21 17:28:56 : 005180 시작 17:28:56 
2020-08-21 17:29:25 : 003570 완료 17:29:25 
2020-08-21 17:29:26 : 003580 시작 17:29:26 
2020-08-21 17:29:49 : 000100 완료 17:29:49 
2020-08-21 17:29:49 : 006840 완료 17:29:49 
2020-08-21 17:29:49 : 006880 시작 17:29:49 
2020-08-21 17:29:49 : 000105 시작 17:29:49 
2020-08-21 17:29:56 : 002360 완료 17:29:56 
2020-08-21 17:29:56 : 002380 시작 17:29:56 
2020-08-21 17:29:57 : 001140 완료 17:29:56 
2020-08-21 17:29:57 : 001200 시작 17:29:57 
2020-08-21 17:30:11 : 006880 완료 17:30:11 
2020-08-21 17:30:11 : 006890 시작 17:30:11 
2020-08-21 17:30:19 : 005180 완료 17:30:19 
2020-08-21 17:30:20 : 005190 시작 17:30:20 
2020-08-21 17:30:49 : 003580 완료 17:30:48 
2020-08-21 17:30:49 : 003610 시작 17:30:49 
2020-08-21 17:31:09 : 000105 완료 17:31:09 
2020-08-21 17:31:10 : 000120 시작 17:31:10 
2020-08-21 17:31:16 : 002380 완료 17:31:16 
2020-08-21 17:31:16 : 002390 시작 17:31:16 
2020-08-21 17:31:18 : 001200 완료 17:31:18 
2020-08-21 17:31:18 : 001210 시작 17:31:18 
2020-08-21 17:31:23 : 006890 완료 17:31:23 
2020-08-21 17:31:23 : 006980 시작 17:31:23 
2020-08-21 17:31:37 : 005190 완료 17:31:37 
2020-08-21 17:31:37 : 005250 시작 17:31:37 
2020-08-21 17:32:05 : 003610 완료 17:32:05 
2020-08-21 17:32:05 : 003620 시작 17:32:05 
2020-08-21 17:32:24 : 000120 완료 17:32:24 
2020-08-21 17:32:24 : 000140 시작 17:32:24 
2020-08-21 17:32:32 : 001210 완료 17:32:32 
2020-08-21 17:32:32 : 002390 완료 17:32:32 
2020-08-21 17:32:32 : 001230 시작 17:32:32 
2020-08-21 17:32:32 : 002410 시작 17:32:32 
2020-08-21 17:32:40 : 006980 완료 17:32:40 
2020-08-21 17:32:40 : 007070 시작 17:32:40 
2020-08-21 17:33:01 : 005250 완료 17:33:01 
2020-08-21 17:33:01 : 005257 시작 17:33:01 
2020-08-21 17:33:14 : 007070 완료 17:33:14 
2020-08-21 17:33:15 : 007110 시작 17:33:15 
2020-08-21 17:33:35 : 003620 완료 17:33:34 
2020-08-21 17:33:35 : 003650 시작 17:33:35 
2020-08-21 17:33:53 : 000140 완료 17:33:53 
2020-08-21 17:33:53 : 000145 시작 17:33:53 
2020-08-21 17:34:00 : 001230 완료 17:34:00 
2020-08-21 17:34:01 : 001250 시작 17:34:01 
2020-08-21 17:34:02 : 002410 완료 17:34:02 
2020-08-21 17:34:03 : 002420 시작 17:34:03 
2020-08-21 17:34:19 : 005257 완료 17:34:19 
2020-08-21 17:34:19 : 005300 시작 17:34:19 
2020-08-21 17:34:32 : 007110 완료 17:34:32 
2020-08-21 17:34:32 : 007120 시작 17:34:32 
2020-08-21 17:34:49 : 003650 완료 17:34:49 
2020-08-21 17:34:49 : 003670 시작 17:34:49 
2020-08-21 17:35:06 : 000145 완료 17:35:06 
2020-08-21 17:35:06 : 000150 시작 17:35:06 
2020-08-21 17:35:13 : 001250 완료 17:35:13 
2020-08-21 17:35:14 : 001260 시작 17:35:14 
2020-08-21 17:35:17 : 002420 완료 17:35:16 
2020-08-21 17:35:17 : 002450 시작 17:35:17 
2020-08-21 17:35:34 : 005300 완료 17:35:34 
2020-08-21 17:35:34 : 005305 시작 17:35:34 
2020-08-21 17:35:38 : 007120 완료 17:35:38 
2020-08-21 17:35:38 : 007160 시작 17:35:38 
2020-08-21 17:35:45 : 003670 완료 17:35:45 
2020-08-21 17:35:45 : 003680 시작 17:35:45 
2020-08-21 17:36:19 : 000150 완료 17:36:19 
2020-08-21 17:36:19 : 000155 시작 17:36:19 
2020-08-21 17:36:26 : 001260 완료 17:36:26 
2020-08-21 17:36:26 : 001270 시작 17:36:26 
2020-08-21 17:36:28 : 002450 완료 17:36:27 
2020-08-21 17:36:28 : 002460 시작 17:36:28 
2020-08-21 17:36:45 : 005305 완료 17:36:45 
2020-08-21 17:36:45 : 005320 시작 17:36:45 
2020-08-21 17:36:52 : 007160 완료 17:36:52 
2020-08-21 17:36:52 : 007210 시작 17:36:52 
2020-08-21 17:36:58 : 003680 완료 17:36:58 
2020-08-21 17:36:58 : 003690 시작 17:36:58 
2020-08-21 17:37:31 : 000155 완료 17:37:31 
2020-08-21 17:37:31 : 000157 시작 17:37:31 
2020-08-21 17:37:40 : 001270 완료 17:37:40 
2020-08-21 17:37:40 : 001275 시작 17:37:40 
2020-08-21 17:37:41 : 002460 완료 17:37:41 
2020-08-21 17:37:42 : 002600 시작 17:37:42 
2020-08-21 17:37:57 : 005320 완료 17:37:57 
2020-08-21 17:37:57 : 005360 시작 17:37:57 
2020-08-21 17:38:06 : 007210 완료 17:38:06 
2020-08-21 17:38:06 : 007280 시작 17:38:06 
2020-08-21 17:38:10 : 003690 완료 17:38:10 
2020-08-21 17:38:10 : 003720 시작 17:38:10 
2020-08-21 17:38:32 : 000157 완료 17:38:32 
2020-08-21 17:38:32 : 000180 시작 17:38:32 
2020-08-21 17:38:53 : 001275 완료 17:38:53 
2020-08-21 17:38:53 : 002600 완료 17:38:53 
2020-08-21 17:38:53 : 001290 시작 17:38:53 
2020-08-21 17:38:53 : 002620 시작 17:38:53 
2020-08-21 17:39:06 : 005360 완료 17:39:06 
2020-08-21 17:39:06 : 005380 시작 17:39:06 
2020-08-21 17:39:15 : 007280 완료 17:39:15 
2020-08-21 17:39:16 : 007310 시작 17:39:16 
2020-08-21 17:39:19 : 003720 완료 17:39:19 
2020-08-21 17:39:20 : 003780 시작 17:39:20 
2020-08-21 17:39:43 : 000180 완료 17:39:43 
2020-08-21 17:39:43 : 000210 시작 17:39:43 
2020-08-21 17:40:04 : 001290 완료 17:40:04 
2020-08-21 17:40:04 : 001340 시작 17:40:04 
2020-08-21 17:40:05 : 002620 완료 17:40:05 
2020-08-21 17:40:05 : 002630 시작 17:40:05 
2020-08-21 17:40:21 : 005380 완료 17:40:21 
2020-08-21 17:40:21 : 005385 시작 17:40:21 
2020-08-21 17:40:30 : 007310 완료 17:40:30 
2020-08-21 17:40:30 : 007340 시작 17:40:30 
2020-08-21 17:40:35 : 003780 완료 17:40:35 
2020-08-21 17:40:35 : 003830 시작 17:40:35 
2020-08-21 17:40:56 : 000210 완료 17:40:56 
2020-08-21 17:40:56 : 000215 시작 17:40:56 
2020-08-21 17:41:20 : 001340 완료 17:41:19 
2020-08-21 17:41:20 : 001360 시작 17:41:20 
2020-08-21 17:41:20 : 002630 완료 17:41:20 
2020-08-21 17:41:20 : 002690 시작 17:41:20 
2020-08-21 17:41:33 : 002690 완료 17:41:33 
2020-08-21 17:41:33 : 002700 시작 17:41:33 
2020-08-21 17:41:35 : 005385 완료 17:41:35 
2020-08-21 17:41:35 : 005387 시작 17:41:35 
2020-08-21 17:41:42 : 007340 완료 17:41:42 
2020-08-21 17:41:42 : 007460 시작 17:41:42 
2020-08-21 17:41:47 : 003830 완료 17:41:47 
2020-08-21 17:41:47 : 003850 시작 17:41:47 
2020-08-21 17:42:09 : 000215 완료 17:42:09 
2020-08-21 17:42:09 : 000220 시작 17:42:09 
2020-08-21 17:42:29 : 001360 완료 17:42:29 
2020-08-21 17:42:29 : 001380 시작 17:42:29 
2020-08-21 17:42:36 : 005387 완료 17:42:35 
2020-08-21 17:42:36 : 005389 시작 17:42:36 
2020-08-21 17:42:42 : 002700 완료 17:42:42 
2020-08-21 17:42:42 : 002710 시작 17:42:42 
2020-08-21 17:42:51 : 007460 완료 17:42:51 
2020-08-21 17:42:51 : 007540 시작 17:42:51 
2020-08-21 17:42:57 : 003850 완료 17:42:56 
2020-08-21 17:42:57 : 003920 시작 17:42:57 
2020-08-21 17:43:18 : 000220 완료 17:43:18 
2020-08-21 17:43:18 : 000225 시작 17:43:18 
2020-08-21 17:43:36 : 005389 완료 17:43:36 
2020-08-21 17:43:36 : 005390 시작 17:43:36 
2020-08-21 17:43:41 : 001380 완료 17:43:41 
2020-08-21 17:43:41 : 001390 시작 17:43:41 
2020-08-21 17:43:51 : 002710 완료 17:43:51 
2020-08-21 17:43:51 : 002720 시작 17:43:51 
2020-08-21 17:44:01 : 007540 완료 17:44:01 
2020-08-21 17:44:01 : 007570 시작 17:44:01 
2020-08-21 17:44:07 : 003920 완료 17:44:07 
2020-08-21 17:44:07 : 003925 시작 17:44:07 
2020-08-21 17:44:26 : 000225 완료 17:44:26 
2020-08-21 17:44:26 : 000227 시작 17:44:26 
2020-08-21 17:44:45 : 005390 완료 17:44:45 
2020-08-21 17:44:45 : 005420 시작 17:44:45 
2020-08-21 17:44:49 : 001390 완료 17:44:49 
2020-08-21 17:44:50 : 001420 시작 17:44:50 
2020-08-21 17:45:02 : 002720 완료 17:45:02 
2020-08-21 17:45:02 : 002760 시작 17:45:02 
2020-08-21 17:45:13 : 007570 완료 17:45:13 
2020-08-21 17:45:13 : 007575 시작 17:45:13 
2020-08-21 17:45:21 : 003925 완료 17:45:21 
2020-08-21 17:45:21 : 003960 시작 17:45:21 
2020-08-21 17:45:29 : 000227 완료 17:45:29 
2020-08-21 17:45:29 : 000230 시작 17:45:29 
2020-08-21 17:45:58 : 005420 완료 17:45:58 
2020-08-21 17:45:58 : 005430 시작 17:45:58 
2020-08-21 17:46:04 : 001420 완료 17:46:04 
2020-08-21 17:46:04 : 001430 시작 17:46:04 
2020-08-21 17:46:14 : 002760 완료 17:46:13 
2020-08-21 17:46:14 : 002780 시작 17:46:14 
2020-08-21 17:46:22 : 007575 완료 17:46:21 
2020-08-21 17:46:22 : 007590 시작 17:46:22 
2020-08-21 17:46:29 : 003960 완료 17:46:29 
2020-08-21 17:46:30 : 004000 시작 17:46:30 
2020-08-21 17:46:38 : 000230 완료 17:46:38 
2020-08-21 17:46:38 : 000240 시작 17:46:38 
2020-08-21 17:47:08 : 005430 완료 17:47:07 
2020-08-21 17:47:08 : 005440 시작 17:47:08 
2020-08-21 17:47:12 : 001430 완료 17:47:12 
2020-08-21 17:47:12 : 001440 시작 17:47:12 
2020-08-21 17:47:22 : 002780 완료 17:47:22 
2020-08-21 17:47:23 : 002785 시작 17:47:23 
2020-08-21 17:47:30 : 007590 완료 17:47:30 
2020-08-21 17:47:31 : 007610 시작 17:47:31 
2020-08-21 17:47:38 : 004000 완료 17:47:38 
2020-08-21 17:47:38 : 004020 시작 17:47:38 
2020-08-21 17:47:48 : 000240 완료 17:47:48 
2020-08-21 17:47:48 : 000270 시작 17:47:48 
2020-08-21 17:48:11 : 002785 완료 17:48:11 
2020-08-21 17:48:11 : 002787 시작 17:48:11 
2020-08-21 17:48:16 : 005440 완료 17:48:16 
2020-08-21 17:48:16 : 005490 시작 17:48:16 
2020-08-21 17:48:24 : 001440 완료 17:48:24 
2020-08-21 17:48:24 : 001450 시작 17:48:24 
2020-08-21 17:48:40 : 007610 완료 17:48:40 
2020-08-21 17:48:40 : 007630 시작 17:48:40 
2020-08-21 17:48:48 : 002787 완료 17:48:48 
2020-08-21 17:48:48 : 002790 시작 17:48:48 
2020-08-21 17:48:49 : 004020 완료 17:48:48 
2020-08-21 17:48:49 : 004060 시작 17:48:49 
2020-08-21 17:48:58 : 000270 완료 17:48:57 
2020-08-21 17:48:58 : 000300 시작 17:48:58 
2020-08-21 17:49:26 : 005490 완료 17:49:26 
2020-08-21 17:49:26 : 005500 시작 17:49:26 
2020-08-21 17:49:33 : 001450 완료 17:49:33 
2020-08-21 17:49:33 : 001460 시작 17:49:33 
2020-08-21 17:49:49 : 007630 완료 17:49:49 
2020-08-21 17:49:49 : 007660 시작 17:49:49 
2020-08-21 17:49:57 : 004060 완료 17:49:57 
2020-08-21 17:49:57 : 004080 시작 17:49:57 
2020-08-21 17:49:58 : 002790 완료 17:49:58 
2020-08-21 17:49:58 : 002795 시작 17:49:58 
2020-08-21 17:50:06 : 000300 완료 17:50:06 
2020-08-21 17:50:07 : 000320 시작 17:50:07 
2020-08-21 17:50:32 : 005500 완료 17:50:32 
2020-08-21 17:50:32 : 005610 시작 17:50:32 
2020-08-21 17:50:40 : 001460 완료 17:50:40 
2020-08-21 17:50:40 : 001465 시작 17:50:40 
2020-08-21 17:50:41 : 007660 완료 17:50:41 
2020-08-21 17:50:41 : 007690 시작 17:50:41 
2020-08-21 17:51:01 : 004080 완료 17:51:01 
2020-08-21 17:51:01 : 004090 시작 17:51:01 
2020-08-21 17:51:09 : 000320 완료 17:51:08 
2020-08-21 17:51:09 : 000325 시작 17:51:09 
2020-08-21 17:51:34 : 005610 완료 17:51:34 
2020-08-21 17:51:34 : 005680 시작 17:51:34 
2020-08-21 17:51:42 : 001465 완료 17:51:41 
2020-08-21 17:51:42 : 001470 시작 17:51:42 
2020-08-21 17:51:43 : 007690 완료 17:51:42 
2020-08-21 17:51:43 : 007700 시작 17:51:43 
2020-08-21 17:52:03 : 004090 완료 17:52:02 
2020-08-21 17:52:03 : 004100 시작 17:52:03 
2020-08-21 17:52:11 : 000325 완료 17:52:11 
2020-08-21 17:52:11 : 000370 시작 17:52:11 
2020-08-21 17:52:36 : 005680 완료 17:52:36 
2020-08-21 17:52:36 : 005690 시작 17:52:36 
2020-08-21 17:52:43 : 001470 완료 17:52:43 
2020-08-21 17:52:43 : 001500 시작 17:52:43 
2020-08-21 17:52:44 : 007700 완료 17:52:44 
2020-08-21 17:52:44 : 007810 시작 17:52:44 
2020-08-21 17:53:04 : 004100 완료 17:53:04 
2020-08-21 17:53:04 : 004105 시작 17:53:04 
2020-08-21 17:53:13 : 000370 완료 17:53:13 
2020-08-21 17:53:14 : 000390 시작 17:53:14 
2020-08-21 17:53:37 : 005690 완료 17:53:37 
2020-08-21 17:53:38 : 005720 시작 17:53:38 
2020-08-21 17:53:44 : 001500 완료 17:53:44 
2020-08-21 17:53:44 : 001510 시작 17:53:44 
2020-08-21 17:53:46 : 007810 완료 17:53:46 
2020-08-21 17:53:46 : 007815 시작 17:53:46 
2020-08-21 17:54:06 : 004105 완료 17:54:06 
2020-08-21 17:54:06 : 004140 시작 17:54:06 
2020-08-21 17:54:16 : 000390 완료 17:54:16 
2020-08-21 17:54:16 : 000400 시작 17:54:16 
2020-08-21 17:54:39 : 005720 완료 17:54:39 
2020-08-21 17:54:40 : 005725 시작 17:54:40 
2020-08-21 17:54:47 : 001510 완료 17:54:46 
2020-08-21 17:54:47 : 001515 시작 17:54:47 
2020-08-21 17:54:49 : 007815 완료 17:54:49 
2020-08-21 17:54:49 : 00781K 시작 17:54:49 
2020-08-21 17:55:06 : 00781K 완료 17:55:06 
2020-08-21 17:55:06 : 007860 시작 17:55:06 
2020-08-21 17:55:08 : 004140 완료 17:55:08 
2020-08-21 17:55:08 : 004150 시작 17:55:08 
2020-08-21 17:55:18 : 000400 완료 17:55:18 
2020-08-21 17:55:18 : 000430 시작 17:55:18 
2020-08-21 17:55:41 : 005725 완료 17:55:41 
2020-08-21 17:55:41 : 005740 시작 17:55:41 
2020-08-21 17:55:49 : 001515 완료 17:55:49 
2020-08-21 17:55:49 : 001520 시작 17:55:49 
2020-08-21 17:56:07 : 007860 완료 17:56:07 
2020-08-21 17:56:07 : 007980 시작 17:56:07 
2020-08-21 17:56:09 : 004150 완료 17:56:09 
2020-08-21 17:56:09 : 004170 시작 17:56:09 
2020-08-21 17:56:19 : 000430 완료 17:56:19 
2020-08-21 17:56:20 : 000480 시작 17:56:20 
2020-08-21 17:56:44 : 005740 완료 17:56:44 
2020-08-21 17:56:44 : 005745 시작 17:56:44 
2020-08-21 17:56:52 : 001520 완료 17:56:52 
2020-08-21 17:56:52 : 001525 시작 17:56:52 
2020-08-21 17:57:09 : 007980 완료 17:57:09 
2020-08-21 17:57:10 : 008040 시작 17:57:10 
2020-08-21 17:57:11 : 004170 완료 17:57:11 
2020-08-21 17:57:11 : 004250 시작 17:57:11 
2020-08-21 17:57:21 : 000480 완료 17:57:21 
2020-08-21 17:57:21 : 000490 시작 17:57:21 
2020-08-21 17:57:46 : 005745 완료 17:57:46 
2020-08-21 17:57:46 : 005750 시작 17:57:46 
2020-08-21 17:57:54 : 001525 완료 17:57:54 
2020-08-21 17:57:54 : 001527 시작 17:57:54 
2020-08-21 17:58:12 : 008040 완료 17:58:12 
2020-08-21 17:58:13 : 008060 시작 17:58:13 
2020-08-21 17:58:13 : 004250 완료 17:58:13 
2020-08-21 17:58:13 : 004255 시작 17:58:13 
2020-08-21 17:58:23 : 000490 완료 17:58:23 
2020-08-21 17:58:23 : 000500 시작 17:58:23 
2020-08-21 17:58:49 : 001527 완료 17:58:49 
2020-08-21 17:58:49 : 001529 시작 17:58:49 
2020-08-21 17:58:49 : 005750 완료 17:58:49 
2020-08-21 17:58:49 : 005800 시작 17:58:49 
2020-08-21 17:59:16 : 008060 완료 17:59:16 
2020-08-21 17:59:17 : 00806K 시작 17:59:17 
2020-08-21 17:59:17 : 004255 완료 17:59:17 
2020-08-21 17:59:17 : 004270 시작 17:59:17 
2020-08-21 17:59:20 : 00806K 완료 17:59:20 
2020-08-21 17:59:21 : 008110 시작 17:59:21 
2020-08-21 17:59:21 : 001529 완료 17:59:21 
2020-08-21 17:59:21 : 001530 시작 17:59:21 
2020-08-21 17:59:27 : 000500 완료 17:59:27 
2020-08-21 17:59:27 : 000520 시작 17:59:27 
2020-08-21 17:59:54 : 005800 완료 17:59:54 
2020-08-21 17:59:54 : 005810 시작 17:59:54 
2020-08-21 18:00:20 : 004270 완료 18:00:19 
2020-08-21 18:00:20 : 004310 시작 18:00:20 
2020-08-21 18:00:24 : 001530 완료 18:00:24 
2020-08-21 18:00:24 : 001550 시작 18:00:24 
2020-08-21 18:00:25 : 008110 완료 18:00:25 
2020-08-21 18:00:25 : 008250 시작 18:00:25 
2020-08-21 18:00:30 : 000520 완료 18:00:30 
2020-08-21 18:00:30 : 000540 시작 18:00:30 
2020-08-21 18:00:57 : 005810 완료 18:00:57 
2020-08-21 18:00:57 : 005820 시작 18:00:57 
2020-08-21 18:01:24 : 004310 완료 18:01:24 
2020-08-21 18:01:24 : 004360 시작 18:01:24 
2020-08-21 18:01:27 : 001550 완료 18:01:27 
2020-08-21 18:01:27 : 001560 시작 18:01:27 
2020-08-21 18:01:28 : 008250 완료 18:01:28 
2020-08-21 18:01:28 : 008260 시작 18:01:28 
2020-08-21 18:01:33 : 000540 완료 18:01:33 
2020-08-21 18:01:33 : 000545 시작 18:01:33 
2020-08-21 18:02:00 : 005820 완료 18:02:00 
2020-08-21 18:02:00 : 005830 시작 18:02:00 
2020-08-21 18:02:04 : 001560 완료 18:02:04 
2020-08-21 18:02:04 : 001570 시작 18:02:04 
2020-08-21 18:02:29 : 004360 완료 18:02:29 
2020-08-21 18:02:29 : 004365 시작 18:02:29 
2020-08-21 18:02:31 : 008260 완료 18:02:31 
2020-08-21 18:02:31 : 008350 시작 18:02:31 
2020-08-21 18:02:36 : 000545 완료 18:02:36 
2020-08-21 18:02:36 : 000547 시작 18:02:36 
2020-08-21 18:03:03 : 005830 완료 18:03:03 
2020-08-21 18:03:03 : 005850 시작 18:03:03 
2020-08-21 18:03:08 : 001570 완료 18:03:08 
2020-08-21 18:03:08 : 001620 시작 18:03:08 
2020-08-21 18:03:29 : 000547 완료 18:03:29 
2020-08-21 18:03:29 : 000590 시작 18:03:29 
2020-08-21 18:03:32 : 004365 완료 18:03:32 
2020-08-21 18:03:32 : 004370 시작 18:03:32 
2020-08-21 18:03:35 : 008350 완료 18:03:35 
2020-08-21 18:03:35 : 008355 시작 18:03:35 
2020-08-21 18:04:06 : 005850 완료 18:04:06 
2020-08-21 18:04:06 : 005870 시작 18:04:06 
2020-08-21 18:04:11 : 001620 완료 18:04:11 
2020-08-21 18:04:11 : 001630 시작 18:04:11 
2020-08-21 18:04:32 : 000590 완료 18:04:32 
2020-08-21 18:04:32 : 000640 시작 18:04:32 
2020-08-21 18:04:35 : 004370 완료 18:04:35 
2020-08-21 18:04:35 : 004380 시작 18:04:35 
2020-08-21 18:04:38 : 008355 완료 18:04:38 
2020-08-21 18:04:38 : 008420 시작 18:04:38 
2020-08-21 18:05:10 : 005870 완료 18:05:09 
2020-08-21 18:05:10 : 005880 시작 18:05:10 
2020-08-21 18:05:13 : 001630 완료 18:05:13 
2020-08-21 18:05:13 : 001680 시작 18:05:13 
2020-08-21 18:05:35 : 000640 완료 18:05:35 
2020-08-21 18:05:35 : 000650 시작 18:05:35 
2020-08-21 18:05:39 : 004380 완료 18:05:39 
2020-08-21 18:05:39 : 004410 시작 18:05:39 
2020-08-21 18:05:40 : 008420 완료 18:05:40 
2020-08-21 18:05:40 : 008490 시작 18:05:40 
2020-08-21 18:06:13 : 005880 완료 18:06:13 
2020-08-21 18:06:13 : 005930 시작 18:06:13 
2020-08-21 18:06:16 : 001680 완료 18:06:16 
2020-08-21 18:06:16 : 001685 시작 18:06:16 
2020-08-21 18:06:37 : 000650 완료 18:06:37 
2020-08-21 18:06:37 : 000660 시작 18:06:37 
2020-08-21 18:06:42 : 004410 완료 18:06:42 
2020-08-21 18:06:42 : 004415 시작 18:06:42 
2020-08-21 18:06:44 : 008490 완료 18:06:44 
2020-08-21 18:06:44 : 008500 시작 18:06:44 
2020-08-21 18:07:16 : 005930 완료 18:07:16 
2020-08-21 18:07:16 : 005935 시작 18:07:16 
2020-08-21 18:07:19 : 001685 완료 18:07:19 
2020-08-21 18:07:19 : 001720 시작 18:07:19 
2020-08-21 18:07:39 : 000660 완료 18:07:39 
2020-08-21 18:07:39 : 000670 시작 18:07:39 
2020-08-21 18:07:45 : 004415 완료 18:07:45 
2020-08-21 18:07:45 : 004430 시작 18:07:45 
2020-08-21 18:07:46 : 008500 완료 18:07:46 
2020-08-21 18:07:47 : 008560 시작 18:07:47 
2020-08-21 18:08:19 : 005935 완료 18:08:19 
2020-08-21 18:08:19 : 005940 시작 18:08:19 
2020-08-21 18:08:22 : 001720 완료 18:08:22 
2020-08-21 18:08:22 : 001725 시작 18:08:22 
2020-08-21 18:08:41 : 000670 완료 18:08:41 
2020-08-21 18:08:41 : 000680 시작 18:08:41 
2020-08-21 18:08:48 : 004430 완료 18:08:48 
2020-08-21 18:08:48 : 004440 시작 18:08:48 
2020-08-21 18:08:50 : 008560 완료 18:08:49 
2020-08-21 18:08:50 : 008600 시작 18:08:50 
2020-08-21 18:08:59 : 004440 완료 18:08:59 
2020-08-21 18:08:59 : 004450 시작 18:08:59 
2020-08-21 18:09:21 : 005940 완료 18:09:21 
2020-08-21 18:09:21 : 005945 시작 18:09:21 
2020-08-21 18:09:24 : 001725 완료 18:09:24 
2020-08-21 18:09:24 : 001740 시작 18:09:24 
2020-08-21 18:09:45 : 000680 완료 18:09:44 
2020-08-21 18:09:45 : 000700 시작 18:09:45 
2020-08-21 18:09:53 : 008600 완료 18:09:53 
2020-08-21 18:09:53 : 008700 시작 18:09:53 
2020-08-21 18:10:02 : 004450 완료 18:10:02 
2020-08-21 18:10:02 : 004490 시작 18:10:02 
2020-08-21 18:10:27 : 005945 완료 18:10:26 
2020-08-21 18:10:27 : 005950 시작 18:10:27 
2020-08-21 18:10:28 : 001740 완료 18:10:28 
2020-08-21 18:10:28 : 001745 시작 18:10:28 
2020-08-21 18:10:50 : 000700 완료 18:10:50 
2020-08-21 18:10:50 : 000720 시작 18:10:50 
2020-08-21 18:11:00 : 008700 완료 18:11:00 
2020-08-21 18:11:00 : 008730 시작 18:11:00 
2020-08-21 18:11:08 : 004490 완료 18:11:08 
2020-08-21 18:11:08 : 004540 시작 18:11:08 
2020-08-21 18:11:33 : 005950 완료 18:11:33 
2020-08-21 18:11:33 : 005960 시작 18:11:33 
2020-08-21 18:11:36 : 001745 완료 18:11:36 
2020-08-21 18:11:36 : 001750 시작 18:11:36 
2020-08-21 18:11:59 : 000720 완료 18:11:59 
2020-08-21 18:12:00 : 000725 시작 18:12:00 
2020-08-21 18:12:09 : 008730 완료 18:12:09 
2020-08-21 18:12:10 : 008770 시작 18:12:10 
2020-08-21 18:12:18 : 004540 완료 18:12:18 
2020-08-21 18:12:18 : 004545 시작 18:12:18 
2020-08-21 18:12:42 : 005960 완료 18:12:42 
2020-08-21 18:12:42 : 005965 시작 18:12:42 
2020-08-21 18:12:44 : 001750 완료 18:12:44 
2020-08-21 18:12:44 : 001755 시작 18:12:44 
2020-08-21 18:13:05 : 000725 완료 18:13:05 
2020-08-21 18:13:05 : 000760 시작 18:13:05 
2020-08-21 18:13:20 : 008770 완료 18:13:20 
2020-08-21 18:13:20 : 008775 시작 18:13:20 
2020-08-21 18:13:24 : 004545 완료 18:13:23 
2020-08-21 18:13:24 : 004560 시작 18:13:24 
2020-08-21 18:13:47 : 005965 완료 18:13:47 
2020-08-21 18:13:48 : 006040 시작 18:13:48 
2020-08-21 18:13:51 : 001755 완료 18:13:51 
2020-08-21 18:13:52 : 001770 시작 18:13:52 
2020-08-21 18:14:14 : 000760 완료 18:14:14 
2020-08-21 18:14:14 : 000810 시작 18:14:14 
2020-08-21 18:14:29 : 008775 완료 18:14:29 
2020-08-21 18:14:29 : 008870 시작 18:14:29 
2020-08-21 18:14:32 : 004560 완료 18:14:32 
2020-08-21 18:14:32 : 004565 시작 18:14:32 
2020-08-21 18:14:53 : 006040 완료 18:14:53 
2020-08-21 18:14:53 : 006060 시작 18:14:53 
2020-08-21 18:14:56 : 001770 완료 18:14:56 
2020-08-21 18:14:57 : 001780 시작 18:14:57 
2020-08-21 18:15:21 : 000810 완료 18:15:21 
2020-08-21 18:15:21 : 000815 시작 18:15:21 
2020-08-21 18:15:32 : 001780 완료 18:15:32 
2020-08-21 18:15:32 : 001790 시작 18:15:32 
2020-08-21 18:15:37 : 008870 완료 18:15:37 
2020-08-21 18:15:37 : 008930 시작 18:15:37 
2020-08-21 18:15:40 : 004565 완료 18:15:40 
2020-08-21 18:15:40 : 004690 시작 18:15:40 
2020-08-21 18:16:04 : 006060 완료 18:16:04 
2020-08-21 18:16:04 : 006090 시작 18:16:04 
2020-08-21 18:16:32 : 000815 완료 18:16:32 
2020-08-21 18:16:32 : 000850 시작 18:16:32 
2020-08-21 18:16:42 : 001790 완료 18:16:42 
2020-08-21 18:16:42 : 001795 시작 18:16:42 
2020-08-21 18:16:46 : 008930 완료 18:16:45 
2020-08-21 18:16:46 : 008970 시작 18:16:46 
2020-08-21 18:16:48 : 004690 완료 18:16:47 
2020-08-21 18:16:48 : 004700 시작 18:16:48 
2020-08-21 18:17:11 : 006090 완료 18:17:11 
2020-08-21 18:17:11 : 006110 시작 18:17:11 
2020-08-21 18:17:27 : 000850 완료 18:17:27 
2020-08-21 18:17:27 : 000860 시작 18:17:27 
2020-08-21 18:17:51 : 001795 완료 18:17:51 
2020-08-21 18:17:51 : 001800 시작 18:17:51 
2020-08-21 18:17:51 : 008970 완료 18:17:51 
2020-08-21 18:17:51 : 009070 시작 18:17:51 
2020-08-21 18:17:55 : 004700 완료 18:17:55 
2020-08-21 18:17:55 : 004710 시작 18:17:55 
2020-08-21 18:18:17 : 006110 완료 18:18:17 
2020-08-21 18:18:17 : 006120 시작 18:18:17 
2020-08-21 18:18:31 : 000860 완료 18:18:30 
2020-08-21 18:18:31 : 000880 시작 18:18:31 
2020-08-21 18:18:54 : 009070 완료 18:18:54 
2020-08-21 18:18:54 : 009140 시작 18:18:54 
2020-08-21 18:18:56 : 001800 완료 18:18:56 
2020-08-21 18:18:56 : 001820 시작 18:18:56 
2020-08-21 18:18:59 : 004710 완료 18:18:59 
2020-08-21 18:18:59 : 004720 시작 18:18:59 
2020-08-21 18:19:21 : 006120 완료 18:19:20 
2020-08-21 18:19:21 : 006125 시작 18:19:21 
2020-08-21 18:19:36 : 000880 완료 18:19:36 
2020-08-21 18:19:36 : 000885 시작 18:19:36 
2020-08-21 18:20:01 : 009140 완료 18:20:01 
2020-08-21 18:20:01 : 009150 시작 18:20:01 
2020-08-21 18:20:03 : 001820 완료 18:20:03 
2020-08-21 18:20:03 : 001880 시작 18:20:03 
2020-08-21 18:20:06 : 004720 완료 18:20:06 
2020-08-21 18:20:06 : 004770 시작 18:20:06 
2020-08-21 18:20:29 : 006125 완료 18:20:29 
2020-08-21 18:20:29 : 006200 시작 18:20:29 
2020-08-21 18:20:43 : 000885 완료 18:20:43 
2020-08-21 18:20:43 : 00088K 시작 18:20:43 
2020-08-21 18:20:53 : 00088K 완료 18:20:52 
2020-08-21 18:20:53 : 000890 시작 18:20:53 
2020-08-21 18:21:06 : 009150 완료 18:21:06 
2020-08-21 18:21:06 : 009155 시작 18:21:06 
2020-08-21 18:21:08 : 001880 완료 18:21:07 
2020-08-21 18:21:08 : 001940 시작 18:21:08 
2020-08-21 18:21:11 : 004770 완료 18:21:11 
2020-08-21 18:21:11 : 004800 시작 18:21:11 
2020-08-21 18:21:33 : 006200 완료 18:21:33 
2020-08-21 18:21:33 : 006220 시작 18:21:33 
2020-08-21 18:21:53 : 000890 완료 18:21:53 
2020-08-21 18:21:53 : 000910 시작 18:21:53 
2020-08-21 18:22:09 : 009155 완료 18:22:09 
2020-08-21 18:22:09 : 009160 시작 18:22:09 
2020-08-21 18:22:10 : 001940 완료 18:22:10 
2020-08-21 18:22:10 : 002020 시작 18:22:10 
2020-08-21 18:22:13 : 004800 완료 18:22:13 
2020-08-21 18:22:13 : 004830 시작 18:22:13 
2020-08-21 18:22:36 : 006220 완료 18:22:36 
2020-08-21 18:22:36 : 006260 시작 18:22:36 
2020-08-21 18:22:55 : 000910 완료 18:22:55 
2020-08-21 18:22:56 : 000950 시작 18:22:56 
2020-08-21 18:23:12 : 009160 완료 18:23:12 
2020-08-21 18:23:12 : 009180 시작 18:23:12 
2020-08-21 18:23:15 : 002020 완료 18:23:15 
2020-08-21 18:23:16 : 002025 시작 18:23:16 
2020-08-21 18:23:16 : 004830 완료 18:23:16 
2020-08-21 18:23:16 : 004835 시작 18:23:16 
2020-08-21 18:23:39 : 006260 완료 18:23:39 
2020-08-21 18:23:39 : 006280 시작 18:23:39 
2020-08-21 18:24:02 : 000950 완료 18:24:02 
2020-08-21 18:24:02 : 000970 시작 18:24:02 
2020-08-21 18:24:18 : 009180 완료 18:24:18 
2020-08-21 18:24:18 : 009190 시작 18:24:18 
2020-08-21 18:24:22 : 004835 완료 18:24:22 
2020-08-21 18:24:23 : 004840 시작 18:24:23 
2020-08-21 18:24:24 : 002025 완료 18:24:24 
2020-08-21 18:24:24 : 002030 시작 18:24:24 
2020-08-21 18:24:49 : 006280 완료 18:24:49 
2020-08-21 18:24:49 : 006340 시작 18:24:49 
2020-08-21 18:25:14 : 000970 완료 18:25:14 
2020-08-21 18:25:14 : 000990 시작 18:25:14 
2020-08-21 18:25:31 : 009190 완료 18:25:31 
2020-08-21 18:25:31 : 009200 시작 18:25:31 
2020-08-21 18:25:34 : 004840 완료 18:25:34 
2020-08-21 18:25:34 : 004870 시작 18:25:34 
2020-08-21 18:25:35 : 002030 완료 18:25:35 
2020-08-21 18:25:35 : 002070 시작 18:25:35 
2020-08-21 18:26:01 : 006340 완료 18:26:01 
2020-08-21 18:26:01 : 006345 시작 18:26:01 
2020-08-21 18:26:20 : 000990 완료 18:26:20 
2020-08-21 18:26:20 : 000995 시작 18:26:20 
2020-08-21 18:26:38 : 009200 완료 18:26:38 
2020-08-21 18:26:38 : 009240 시작 18:26:38 
2020-08-21 18:26:40 : 004870 완료 18:26:40 
2020-08-21 18:26:41 : 004890 시작 18:26:41 
2020-08-21 18:26:42 : 002070 완료 18:26:41 
2020-08-21 18:26:42 : 002100 시작 18:26:42 
2020-08-21 18:26:55 : 000995 완료 18:26:55 
2020-08-21 18:26:55 : 001020 시작 18:26:55 
2020-08-21 18:27:05 : 006345 완료 18:27:04 
2020-08-21 18:27:05 : 006360 시작 18:27:05 
2020-08-21 18:27:19 : 004890 완료 18:27:19 
2020-08-21 18:27:19 : 004910 시작 18:27:19 
2020-08-21 18:27:25 : 009240 완료 18:27:25 
2020-08-21 18:27:25 : 009270 시작 18:27:25 
2020-08-21 18:27:44 : 002100 완료 18:27:44 
2020-08-21 18:27:44 : 002140 시작 18:27:44 
2020-08-21 18:27:57 : 001020 완료 18:27:57 
2020-08-21 18:27:57 : 001040 시작 18:27:57 
2020-08-21 18:28:07 : 006360 완료 18:28:07 
2020-08-21 18:28:07 : 006370 시작 18:28:07 
2020-08-21 18:28:21 : 004910 완료 18:28:21 
2020-08-21 18:28:21 : 004920 시작 18:28:21 
2020-08-21 18:28:26 : 009270 완료 18:28:26 
2020-08-21 18:28:26 : 009275 시작 18:28:26 
2020-08-21 18:28:47 : 002140 완료 18:28:47 
2020-08-21 18:28:47 : 002150 시작 18:28:47 
2020-08-21 18:29:00 : 001040 완료 18:29:00 
2020-08-21 18:29:00 : 001045 시작 18:29:00 
2020-08-21 18:29:12 : 002150 완료 18:29:12 
2020-08-21 18:29:12 : 002170 시작 18:29:12 
2020-08-21 18:29:13 : 006370 완료 18:29:13 
2020-08-21 18:29:13 : 006380 시작 18:29:13 
2020-08-21 18:29:28 : 004920 완료 18:29:27 
2020-08-21 18:29:28 : 004960 시작 18:29:28 
2020-08-21 18:29:32 : 009275 완료 18:29:31 
2020-08-21 18:29:32 : 009290 시작 18:29:32 
2020-08-21 18:30:04 : 001045 완료 18:30:04 
2020-08-21 18:30:04 : 00104K 시작 18:30:04 
2020-08-21 18:30:06 : 00104K 완료 18:30:06 
2020-08-21 18:30:06 : 012200 시작 18:30:06 
2020-08-21 18:30:14 : 002170 완료 18:30:14 
2020-08-21 18:30:14 : 002200 시작 18:30:14 
2020-08-21 18:30:14 : 006380 완료 18:30:14 
2020-08-21 18:30:14 : 006390 시작 18:30:14 
2020-08-21 18:30:28 : 009290 완료 18:30:28 
2020-08-21 18:30:28 : 009310 시작 18:30:28 
2020-08-21 18:30:31 : 004960 완료 18:30:31 
2020-08-21 18:30:31 : 004970 시작 18:30:31 
2020-08-21 18:31:03 : 012200 완료 18:31:03 
2020-08-21 18:31:03 : 012205 시작 18:31:03 
2020-08-21 18:31:16 : 002200 완료 18:31:16 
2020-08-21 18:31:16 : 002210 시작 18:31:16 
2020-08-21 18:31:16 : 006390 완료 18:31:16 
2020-08-21 18:31:16 : 006400 시작 18:31:16 
2020-08-21 18:31:30 : 009310 완료 18:31:30 
2020-08-21 18:31:30 : 009320 시작 18:31:30 
2020-08-21 18:31:33 : 004970 완료 18:31:33 
2020-08-21 18:31:33 : 004980 시작 18:31:33 
2020-08-21 18:32:05 : 012205 완료 18:32:05 
2020-08-21 18:32:05 : 012280 시작 18:32:05 
2020-08-21 18:32:18 : 002210 완료 18:32:18 
2020-08-21 18:32:18 : 006400 완료 18:32:18 
2020-08-21 18:32:18 : 017810 시작 18:32:18 
2020-08-21 18:32:18 : 006405 시작 18:32:18 
2020-08-21 18:32:34 : 009320 완료 18:32:34 
2020-08-21 18:32:34 : 009410 시작 18:32:34 
2020-08-21 18:32:38 : 004980 완료 18:32:38 
2020-08-21 18:32:38 : 030610 시작 18:32:38 
2020-08-21 18:33:07 : 012280 완료 18:33:07 
2020-08-21 18:33:07 : 012320 시작 18:33:07 
2020-08-21 18:33:14 : 017810 완료 18:33:14 
2020-08-21 18:33:14 : 017900 시작 18:33:14 
2020-08-21 18:33:20 : 006405 완료 18:33:19 
2020-08-21 18:33:20 : 055490 시작 18:33:20 
2020-08-21 18:33:23 : 030610 완료 18:33:23 
2020-08-21 18:33:23 : 030720 시작 18:33:23 
2020-08-21 18:33:26 : 055490 완료 18:33:26 
2020-08-21 18:33:26 : 055550 시작 18:33:26 
2020-08-21 18:33:35 : 009410 완료 18:33:35 
2020-08-21 18:33:35 : 009415 시작 18:33:35 
2020-08-21 18:34:07 : 012320 완료 18:34:07 
2020-08-21 18:34:07 : 012330 시작 18:34:07 
2020-08-21 18:34:14 : 055550 완료 18:34:14 
2020-08-21 18:34:14 : 057050 시작 18:34:14 
2020-08-21 18:34:16 : 017900 완료 18:34:16 
2020-08-21 18:34:16 : 017940 시작 18:34:16 
2020-08-21 18:34:27 : 030720 완료 18:34:27 
2020-08-21 18:34:27 : 030790 시작 18:34:27 
2020-08-21 18:34:37 : 009415 완료 18:34:37 
2020-08-21 18:34:38 : 009420 시작 18:34:38 
2020-08-21 18:34:38 : 057050 완료 18:34:38 
2020-08-21 18:34:39 : 058430 시작 18:34:39 
2020-08-21 18:35:09 : 012330 완료 18:35:08 
2020-08-21 18:35:09 : 012450 시작 18:35:09 
2020-08-21 18:35:14 : 017940 완료 18:35:14 
2020-08-21 18:35:14 : 017960 시작 18:35:14 
2020-08-21 18:35:16 : 030790 완료 18:35:16 
2020-08-21 18:35:16 : 031430 시작 18:35:16 
2020-08-21 18:35:25 : 058430 완료 18:35:25 
2020-08-21 18:35:25 : 058650 시작 18:35:25 
2020-08-21 18:35:40 : 031430 완료 18:35:40 
2020-08-21 18:35:40 : 031440 시작 18:35:40 
2020-08-21 18:35:43 : 009420 완료 18:35:43 
2020-08-21 18:35:43 : 009440 시작 18:35:43 
2020-08-21 18:36:15 : 012450 완료 18:36:15 
2020-08-21 18:36:15 : 012510 시작 18:36:15 
2020-08-21 18:36:16 : 058650 완료 18:36:16 
2020-08-21 18:36:16 : 058730 시작 18:36:16 
2020-08-21 18:36:22 : 017960 완료 18:36:22 
2020-08-21 18:36:22 : 018250 시작 18:36:22 
2020-08-21 18:36:27 : 018250 완료 18:36:27 
2020-08-21 18:36:27 : 018260 시작 18:36:27 
2020-08-21 18:36:30 : 031440 완료 18:36:30 
2020-08-21 18:36:30 : 031820 시작 18:36:30 
2020-08-21 18:36:41 : 018260 완료 18:36:41 
2020-08-21 18:36:41 : 018470 시작 18:36:41 
2020-08-21 18:36:47 : 009440 완료 18:36:47 
2020-08-21 18:36:47 : 009450 시작 18:36:47 
2020-08-21 18:36:56 : 058730 완료 18:36:56 
2020-08-21 18:36:56 : 058850 시작 18:36:56 
2020-08-21 18:37:18 : 012510 완료 18:37:18 
2020-08-21 18:37:18 : 012600 시작 18:37:18 
2020-08-21 18:37:20 : 058850 완료 18:37:20 
2020-08-21 18:37:20 : 058860 시작 18:37:20 
2020-08-21 18:37:30 : 031820 완료 18:37:30 
2020-08-21 18:37:30 : 032350 시작 18:37:30 
2020-08-21 18:37:44 : 058860 완료 18:37:44 
2020-08-21 18:37:44 : 060980 시작 18:37:44 
2020-08-21 18:37:44 : 018470 완료 18:37:44 
2020-08-21 18:37:44 : 018500 시작 18:37:44 
2020-08-21 18:37:50 : 009450 완료 18:37:49 
2020-08-21 18:37:50 : 009460 시작 18:37:50 
2020-08-21 18:38:06 : 032350 완료 18:38:06 
2020-08-21 18:38:06 : 032560 시작 18:38:06 
2020-08-21 18:38:10 : 060980 완료 18:38:10 
2020-08-21 18:38:10 : 063160 시작 18:38:10 
2020-08-21 18:38:22 : 012600 완료 18:38:22 
2020-08-21 18:38:22 : 012610 시작 18:38:22 
2020-08-21 18:38:48 : 018500 완료 18:38:47 
2020-08-21 18:38:48 : 018670 시작 18:38:48 
2020-08-21 18:38:53 : 009460 완료 18:38:53 
2020-08-21 18:38:53 : 009470 시작 18:38:53 
2020-08-21 18:38:58 : 063160 완료 18:38:58 
2020-08-21 18:38:58 : 064350 시작 18:38:58 
2020-08-21 18:39:04 : 032560 완료 18:39:04 
2020-08-21 18:39:04 : 032640 시작 18:39:04 
2020-08-21 18:39:15 : 064350 완료 18:39:15 
2020-08-21 18:39:16 : 064960 시작 18:39:16 
2020-08-21 18:39:24 : 012610 완료 18:39:24 
2020-08-21 18:39:24 : 012630 시작 18:39:24 
2020-08-21 18:39:45 : 018670 완료 18:39:45 
2020-08-21 18:39:45 : 018880 시작 18:39:45 
2020-08-21 18:39:54 : 032640 완료 18:39:54 
2020-08-21 18:39:54 : 032830 시작 18:39:54 
2020-08-21 18:39:55 : 009470 완료 18:39:55 
2020-08-21 18:39:55 : 009540 시작 18:39:55 
2020-08-21 18:40:01 : 064960 완료 18:40:01 
2020-08-21 18:40:01 : 066570 시작 18:40:01 
2020-08-21 18:40:18 : 032830 완료 18:40:18 
2020-08-21 18:40:18 : 033180 시작 18:40:18 
2020-08-21 18:40:24 : 012630 완료 18:40:24 
2020-08-21 18:40:25 : 012690 시작 18:40:25 
2020-08-21 18:40:48 : 018880 완료 18:40:48 
2020-08-21 18:40:48 : 019170 시작 18:40:48 
2020-08-21 18:40:48 : 009540 완료 18:40:48 
2020-08-21 18:40:48 : 009580 시작 18:40:48 
2020-08-21 18:40:49 : 066570 완료 18:40:49 
2020-08-21 18:40:49 : 066575 시작 18:40:49 
2020-08-21 18:41:16 : 033180 완료 18:41:16 
2020-08-21 18:41:16 : 033240 시작 18:41:16 
2020-08-21 18:41:29 : 012690 완료 18:41:29 
2020-08-21 18:41:29 : 012750 시작 18:41:29 
2020-08-21 18:41:37 : 066575 완료 18:41:37 
2020-08-21 18:41:37 : 067830 시작 18:41:37 
2020-08-21 18:41:53 : 019170 완료 18:41:52 
2020-08-21 18:41:53 : 019175 시작 18:41:53 
2020-08-21 18:41:54 : 009580 완료 18:41:54 
2020-08-21 18:41:54 : 009680 시작 18:41:54 
2020-08-21 18:42:14 : 033240 완료 18:42:14 
2020-08-21 18:42:14 : 033250 시작 18:42:14 
2020-08-21 18:42:26 : 067830 완료 18:42:25 
2020-08-21 18:42:26 : 068270 시작 18:42:26 
2020-08-21 18:42:35 : 012750 완료 18:42:35 
2020-08-21 18:42:35 : 012800 시작 18:42:35 
2020-08-21 18:42:57 : 019175 완료 18:42:56 
2020-08-21 18:42:57 : 019180 시작 18:42:57 
2020-08-21 18:42:59 : 009680 완료 18:42:59 
2020-08-21 18:42:59 : 009770 시작 18:42:59 
2020-08-21 18:43:04 : 068270 완료 18:43:04 
2020-08-21 18:43:04 : 068290 시작 18:43:04 
2020-08-21 18:43:08 : 033250 완료 18:43:08 
2020-08-21 18:43:08 : 033270 시작 18:43:08 
2020-08-21 18:43:35 : 009770 완료 18:43:35 
2020-08-21 18:43:35 : 009810 시작 18:43:35 
2020-08-21 18:43:41 : 012800 완료 18:43:41 
2020-08-21 18:43:41 : 013000 시작 18:43:41 
2020-08-21 18:43:52 : 068290 완료 18:43:52 
2020-08-21 18:43:52 : 068400 시작 18:43:52 
2020-08-21 18:44:03 : 019180 완료 18:44:03 
2020-08-21 18:44:03 : 019440 시작 18:44:03 
2020-08-21 18:44:04 : 033270 완료 18:44:04 
2020-08-21 18:44:04 : 033530 시작 18:44:04 
2020-08-21 18:44:13 : 068400 완료 18:44:13 
2020-08-21 18:44:13 : 069260 시작 18:44:13 
2020-08-21 18:44:26 : 019440 완료 18:44:26 
2020-08-21 18:44:26 : 019490 시작 18:44:26 
2020-08-21 18:44:42 : 009810 완료 18:44:42 
2020-08-21 18:44:42 : 009830 시작 18:44:42 
2020-08-21 18:44:47 : 013000 완료 18:44:47 
2020-08-21 18:44:47 : 013360 시작 18:44:47 
2020-08-21 18:45:00 : 069260 완료 18:44:59 
2020-08-21 18:45:00 : 069460 시작 18:45:00 
2020-08-21 18:45:03 : 033530 완료 18:45:02 
2020-08-21 18:45:03 : 033660 시작 18:45:03 
2020-08-21 18:45:22 : 019490 완료 18:45:22 
2020-08-21 18:45:22 : 019680 시작 18:45:22 
2020-08-21 18:45:30 : 033660 완료 18:45:30 
2020-08-21 18:45:30 : 033780 시작 18:45:30 
2020-08-21 18:45:45 : 069460 완료 18:45:45 
2020-08-21 18:45:45 : 069500 시작 18:45:45 
2020-08-21 18:45:47 : 009830 완료 18:45:47 
2020-08-21 18:45:48 : 009835 시작 18:45:48 
2020-08-21 18:45:50 : 013360 완료 18:45:50 
2020-08-21 18:45:51 : 013520 시작 18:45:51 
2020-08-21 18:46:06 : 019680 완료 18:46:06 
2020-08-21 18:46:06 : 019685 시작 18:46:06 
2020-08-21 18:46:23 : 033780 완료 18:46:23 
2020-08-21 18:46:23 : 033920 시작 18:46:23 
2020-08-21 18:46:31 : 069500 완료 18:46:31 
2020-08-21 18:46:31 : 069620 시작 18:46:31 
2020-08-21 18:46:48 : 019685 완료 18:46:48 
2020-08-21 18:46:48 : 020000 시작 18:46:48 
2020-08-21 18:46:51 : 009835 완료 18:46:51 
2020-08-21 18:46:51 : 009970 시작 18:46:51 
2020-08-21 18:46:54 : 013520 완료 18:46:54 
2020-08-21 18:46:54 : 013570 시작 18:46:54 
2020-08-21 18:47:16 : 069620 완료 18:47:16 
2020-08-21 18:47:17 : 069640 시작 18:47:17 
2020-08-21 18:47:20 : 033920 완료 18:47:20 
2020-08-21 18:47:20 : 034020 시작 18:47:20 
2020-08-21 18:47:40 : 069640 완료 18:47:40 
2020-08-21 18:47:40 : 069660 시작 18:47:40 
2020-08-21 18:47:52 : 020000 완료 18:47:52 
2020-08-21 18:47:52 : 020120 시작 18:47:52 
2020-08-21 18:47:57 : 009970 완료 18:47:57 
2020-08-21 18:47:57 : 010040 시작 18:47:57 
2020-08-21 18:47:59 : 013570 완료 18:47:59 
2020-08-21 18:47:59 : 013580 시작 18:47:59 
2020-08-21 18:48:10 : 034020 완료 18:48:10 
2020-08-21 18:48:11 : 034120 시작 18:48:11 
2020-08-21 18:48:27 : 069660 완료 18:48:27 
2020-08-21 18:48:27 : 069730 시작 18:48:27 
2020-08-21 18:48:54 : 010040 완료 18:48:54 
2020-08-21 18:48:55 : 010050 시작 18:48:55 
2020-08-21 18:48:56 : 020120 완료 18:48:56 
2020-08-21 18:48:56 : 020150 시작 18:48:56 
2020-08-21 18:49:02 : 013580 완료 18:49:02 
2020-08-21 18:49:02 : 013700 시작 18:49:02 
2020-08-21 18:49:05 : 034120 완료 18:49:04 
2020-08-21 18:49:05 : 034220 시작 18:49:05 
2020-08-21 18:49:12 : 069730 완료 18:49:12 
2020-08-21 18:49:13 : 069960 시작 18:49:13 
2020-08-21 18:49:20 : 020150 완료 18:49:20 
2020-08-21 18:49:20 : 020560 시작 18:49:20 
2020-08-21 18:49:46 : 034220 완료 18:49:46 
2020-08-21 18:49:46 : 034300 시작 18:49:46 
2020-08-21 18:49:58 : 069960 완료 18:49:58 
2020-08-21 18:49:58 : 070960 시작 18:49:58 
2020-08-21 18:49:59 : 010050 완료 18:49:59 
2020-08-21 18:49:59 : 010060 시작 18:49:59 
2020-08-21 18:50:05 : 013700 완료 18:50:05 
2020-08-21 18:50:05 : 013870 시작 18:50:05 
2020-08-21 18:50:09 : 070960 완료 18:50:09 
2020-08-21 18:50:09 : 071050 시작 18:50:09 
2020-08-21 18:50:13 : 020560 완료 18:50:13 
2020-08-21 18:50:13 : 020760 시작 18:50:13 
2020-08-21 18:50:25 : 013870 완료 18:50:25 
2020-08-21 18:50:25 : 013890 시작 18:50:25 
2020-08-21 18:50:40 : 034300 완료 18:50:40 
2020-08-21 18:50:40 : 034310 시작 18:50:40 
2020-08-21 18:50:49 : 013890 완료 18:50:49 
2020-08-21 18:50:50 : 014130 시작 18:50:50 
2020-08-21 18:50:53 : 071050 완료 18:50:53 
2020-08-21 18:50:53 : 071055 시작 18:50:53 
2020-08-21 18:51:02 : 020760 완료 18:51:01 
2020-08-21 18:51:02 : 021050 시작 18:51:02 
2020-08-21 18:51:04 : 010060 완료 18:51:03 
2020-08-21 18:51:04 : 010100 시작 18:51:04 
2020-08-21 18:51:22 : 034310 완료 18:51:22 
2020-08-21 18:51:22 : 034590 시작 18:51:22 
2020-08-21 18:51:38 : 071055 완료 18:51:38 
2020-08-21 18:51:38 : 071090 시작 18:51:38 
2020-08-21 18:51:56 : 014130 완료 18:51:55 
2020-08-21 18:51:56 : 014160 시작 18:51:56 
2020-08-21 18:51:58 : 034590 완료 18:51:58 
2020-08-21 18:51:58 : 034730 시작 18:51:58 
2020-08-21 18:52:08 : 021050 완료 18:52:08 
2020-08-21 18:52:08 : 021240 시작 18:52:08 
2020-08-21 18:52:11 : 010100 완료 18:52:11 
2020-08-21 18:52:11 : 010120 시작 18:52:11 
2020-08-21 18:52:29 : 071090 완료 18:52:28 
2020-08-21 18:52:29 : 071320 시작 18:52:29 
2020-08-21 18:52:30 : 034730 완료 18:52:30 
2020-08-21 18:52:30 : 03473K 시작 18:52:30 
2020-08-21 18:52:43 : 03473K 완료 18:52:43 
2020-08-21 18:52:43 : 034830 시작 18:52:43 
2020-08-21 18:52:57 : 071320 완료 18:52:57 
2020-08-21 18:52:57 : 071840 시작 18:52:57 
2020-08-21 18:53:05 : 014160 완료 18:53:05 
2020-08-21 18:53:06 : 014280 시작 18:53:06 
2020-08-21 18:53:10 : 021240 완료 18:53:10 
2020-08-21 18:53:10 : 021820 시작 18:53:10 
2020-08-21 18:53:21 : 010120 완료 18:53:21 
2020-08-21 18:53:21 : 010130 시작 18:53:21 
2020-08-21 18:53:21 : 071840 완료 18:53:21 
2020-08-21 18:53:21 : 071950 시작 18:53:21 
2020-08-21 18:53:34 : 034830 완료 18:53:34 
2020-08-21 18:53:35 : 035000 시작 18:53:35 
2020-08-21 18:53:59 : 071950 완료 18:53:59 
2020-08-21 18:53:59 : 071970 시작 18:53:59 
2020-08-21 18:54:10 : 014280 완료 18:54:10 
2020-08-21 18:54:10 : 014285 시작 18:54:10 
2020-08-21 18:54:14 : 021820 완료 18:54:14 
2020-08-21 18:54:14 : 023000 시작 18:54:14 
2020-08-21 18:54:24 : 010130 완료 18:54:24 
2020-08-21 18:54:24 : 010140 시작 18:54:24 
2020-08-21 18:54:26 : 035000 완료 18:54:26 
2020-08-21 18:54:26 : 035150 시작 18:54:26 
2020-08-21 18:54:28 : 071970 완료 18:54:28 
2020-08-21 18:54:28 : 072130 시작 18:54:28 
2020-08-21 18:54:38 : 023000 완료 18:54:38 
2020-08-21 18:54:38 : 023150 시작 18:54:38 
2020-08-21 18:55:15 : 072130 완료 18:55:15 
2020-08-21 18:55:15 : 072710 시작 18:55:15 
2020-08-21 18:55:16 : 014285 완료 18:55:15 
2020-08-21 18:55:16 : 014440 시작 18:55:16 
2020-08-21 18:55:22 : 035150 완료 18:55:21 
2020-08-21 18:55:22 : 035250 시작 18:55:22 
2020-08-21 18:55:29 : 010140 완료 18:55:29 
2020-08-21 18:55:29 : 010145 시작 18:55:29 
2020-08-21 18:55:30 : 023150 완료 18:55:30 
2020-08-21 18:55:30 : 023350 시작 18:55:30 
2020-08-21 18:55:53 : 023350 완료 18:55:53 
2020-08-21 18:55:53 : 023450 시작 18:55:53 
2020-08-21 18:55:58 : 072710 완료 18:55:58 
2020-08-21 18:55:58 : 073240 시작 18:55:58 
2020-08-21 18:56:09 : 035250 완료 18:56:09 
2020-08-21 18:56:09 : 035420 시작 18:56:09 
2020-08-21 18:56:17 : 014440 완료 18:56:17 
2020-08-21 18:56:17 : 014530 시작 18:56:17 
2020-08-21 18:56:33 : 010145 완료 18:56:33 
2020-08-21 18:56:33 : 010400 시작 18:56:33 
2020-08-21 18:56:38 : 010400 완료 18:56:38 
2020-08-21 18:56:38 : 010420 시작 18:56:38 
2020-08-21 18:56:38 : 073240 완료 18:56:38 
2020-08-21 18:56:38 : 074610 시작 18:56:38 
2020-08-21 18:56:57 : 023450 완료 18:56:57 
2020-08-21 18:56:57 : 023530 시작 18:56:57 
2020-08-21 18:56:58 : 035420 완료 18:56:57 
2020-08-21 18:56:58 : 035510 시작 18:56:58 
2020-08-21 18:57:21 : 014530 완료 18:57:21 
2020-08-21 18:57:21 : 014580 시작 18:57:21 
2020-08-21 18:57:21 : 074610 완료 18:57:21 
2020-08-21 18:57:21 : 075180 시작 18:57:21 
2020-08-21 18:57:33 : 023530 완료 18:57:33 
2020-08-21 18:57:33 : 023590 시작 18:57:33 
2020-08-21 18:57:42 : 010420 완료 18:57:41 
2020-08-21 18:57:42 : 010580 시작 18:57:42 
2020-08-21 18:57:47 : 035510 완료 18:57:47 
2020-08-21 18:57:47 : 035720 시작 18:57:47 
2020-08-21 18:57:57 : 075180 완료 18:57:57 
2020-08-21 18:57:57 : 075580 시작 18:57:57 
2020-08-21 18:58:10 : 075580 완료 18:58:10 
2020-08-21 18:58:10 : 077500 시작 18:58:10 
2020-08-21 18:58:25 : 014580 완료 18:58:24 
2020-08-21 18:58:25 : 014680 시작 18:58:25 
2020-08-21 18:58:33 : 023590 완료 18:58:33 
2020-08-21 18:58:33 : 023800 시작 18:58:33 
2020-08-21 18:58:42 : 035720 완료 18:58:42 
2020-08-21 18:58:42 : 036420 시작 18:58:42 
2020-08-21 18:58:47 : 010580 완료 18:58:47 
2020-08-21 18:58:47 : 010600 시작 18:58:47 
2020-08-21 18:58:53 : 077500 완료 18:58:53 
2020-08-21 18:58:53 : 077970 시작 18:58:53 
2020-08-21 18:59:26 : 023800 완료 18:59:25 
2020-08-21 18:59:26 : 023810 시작 18:59:26 
2020-08-21 18:59:31 : 014680 완료 18:59:31 
2020-08-21 18:59:31 : 014710 시작 18:59:31 
2020-08-21 18:59:35 : 077970 완료 18:59:35 
2020-08-21 18:59:35 : 078000 시작 18:59:35 
2020-08-21 18:59:35 : 036420 완료 18:59:35 
2020-08-21 18:59:35 : 036460 시작 18:59:35 
2020-08-21 18:59:48 : 010600 완료 18:59:48 
2020-08-21 18:59:48 : 010620 시작 18:59:48 
2020-08-21 18:59:50 : 014710 완료 18:59:50 
2020-08-21 18:59:50 : 014790 시작 18:59:50 
2020-08-21 19:00:14 : 078000 완료 19:00:14 
2020-08-21 19:00:14 : 078520 시작 19:00:14 
2020-08-21 19:00:21 : 023810 완료 19:00:21 
2020-08-21 19:00:21 : 023960 시작 19:00:21 
2020-08-21 19:00:27 : 036460 완료 19:00:27 
2020-08-21 19:00:27 : 036530 시작 19:00:27 
2020-08-21 19:00:50 : 010620 완료 19:00:50 
2020-08-21 19:00:50 : 010640 시작 19:00:50 
2020-08-21 19:00:51 : 014790 완료 19:00:51 
2020-08-21 19:00:51 : 014820 시작 19:00:51 
2020-08-21 19:00:53 : 078520 완료 19:00:53 
2020-08-21 19:00:53 : 078930 시작 19:00:53 
2020-08-21 19:01:18 : 036530 완료 19:01:18 
2020-08-21 19:01:18 : 036570 시작 19:01:18 
2020-08-21 19:01:21 : 023960 완료 19:01:21 
2020-08-21 19:01:21 : 024070 시작 19:01:21 
2020-08-21 19:01:34 : 078930 완료 19:01:34 
2020-08-21 19:01:35 : 078935 시작 19:01:35 
2020-08-21 19:01:54 : 010640 완료 19:01:54 
2020-08-21 19:01:54 : 010660 시작 19:01:54 
2020-08-21 19:01:55 : 014820 완료 19:01:55 
2020-08-21 19:01:56 : 014825 시작 19:01:56 
2020-08-21 19:02:10 : 036570 완료 19:02:10 
2020-08-21 19:02:10 : 036580 시작 19:02:10 
2020-08-21 19:02:11 : 024070 완료 19:02:11 
2020-08-21 19:02:11 : 024090 시작 19:02:11 
2020-08-21 19:02:17 : 078935 완료 19:02:17 
2020-08-21 19:02:18 : 079160 시작 19:02:18 
2020-08-21 19:02:58 : 079160 완료 19:02:58 
2020-08-21 19:02:58 : 079430 시작 19:02:58 
2020-08-21 19:02:59 : 010660 완료 19:02:59 
2020-08-21 19:02:59 : 010690 시작 19:02:59 
2020-08-21 19:03:00 : 014825 완료 19:03:00 
2020-08-21 19:03:00 : 014830 시작 19:03:00 
2020-08-21 19:03:02 : 036580 완료 19:03:02 
2020-08-21 19:03:02 : 037270 시작 19:03:02 
2020-08-21 19:03:03 : 024090 완료 19:03:03 
2020-08-21 19:03:03 : 024110 시작 19:03:03 
2020-08-21 19:03:37 : 079430 완료 19:03:37 
2020-08-21 19:03:37 : 079550 시작 19:03:37 
2020-08-21 19:03:41 : 014830 완료 19:03:41 
2020-08-21 19:03:41 : 014910 시작 19:03:41 
2020-08-21 19:03:46 : 037270 완료 19:03:46 
2020-08-21 19:03:47 : 037560 시작 19:03:47 
2020-08-21 19:03:49 : 079550 완료 19:03:49 
2020-08-21 19:03:49 : 079980 시작 19:03:49 
2020-08-21 19:04:02 : 024110 완료 19:04:02 
2020-08-21 19:04:03 : 024720 시작 19:04:03 
2020-08-21 19:04:05 : 010690 완료 19:04:05 
2020-08-21 19:04:05 : 010770 시작 19:04:05 
2020-08-21 19:04:07 : 037560 완료 19:04:07 
2020-08-21 19:04:07 : 037710 시작 19:04:07 
2020-08-21 19:04:12 : 079980 완료 19:04:12 
2020-08-21 19:04:12 : 081000 시작 19:04:12 
2020-08-21 19:04:45 : 014910 완료 19:04:45 
2020-08-21 19:04:45 : 014915 시작 19:04:45 
2020-08-21 19:04:50 : 081000 완료 19:04:50 
2020-08-21 19:04:50 : 081660 시작 19:04:50 
2020-08-21 19:04:53 : 037710 완료 19:04:53 
2020-08-21 19:04:53 : 039130 시작 19:04:53 
2020-08-21 19:04:59 : 024720 완료 19:04:59 
2020-08-21 19:04:59 : 024890 시작 19:04:59 
2020-08-21 19:05:08 : 010770 완료 19:05:08 
2020-08-21 19:05:09 : 010780 시작 19:05:09 
2020-08-21 19:05:15 : 081660 완료 19:05:15 
2020-08-21 19:05:15 : 082640 시작 19:05:15 
2020-08-21 19:05:44 : 082640 완료 19:05:44 
2020-08-21 19:05:44 : 082740 시작 19:05:44 
2020-08-21 19:05:45 : 039130 완료 19:05:45 
2020-08-21 19:05:45 : 039490 시작 19:05:45 
2020-08-21 19:05:51 : 014915 완료 19:05:51 
2020-08-21 19:05:51 : 014990 시작 19:05:51 
2020-08-21 19:05:52 : 024890 완료 19:05:52 
2020-08-21 19:05:52 : 024900 시작 19:05:52 
2020-08-21 19:06:10 : 082740 완료 19:06:10 
2020-08-21 19:06:11 : 083420 시작 19:06:11 
2020-08-21 19:06:16 : 010780 완료 19:06:16 
2020-08-21 19:06:17 : 010820 시작 19:06:17 
2020-08-21 19:06:31 : 039490 완료 19:06:31 
2020-08-21 19:06:31 : 039570 시작 19:06:31 
2020-08-21 19:06:43 : 039570 완료 19:06:43 
2020-08-21 19:06:43 : 041650 시작 19:06:43 
2020-08-21 19:06:46 : 024900 완료 19:06:46 
2020-08-21 19:06:46 : 025000 시작 19:06:46 
2020-08-21 19:06:51 : 083420 완료 19:06:51 
2020-08-21 19:06:51 : 084010 시작 19:06:51 
2020-08-21 19:06:58 : 014990 완료 19:06:58 
2020-08-21 19:06:58 : 015020 시작 19:06:58 
2020-08-21 19:07:21 : 010820 완료 19:07:21 
2020-08-21 19:07:22 : 010950 시작 19:07:22 
2020-08-21 19:07:29 : 084010 완료 19:07:29 
2020-08-21 19:07:29 : 084670 시작 19:07:29 
2020-08-21 19:07:32 : 041650 완료 19:07:32 
2020-08-21 19:07:32 : 042660 시작 19:07:32 
2020-08-21 19:07:38 : 025000 완료 19:07:38 
2020-08-21 19:07:38 : 025530 시작 19:07:38 
2020-08-21 19:08:03 : 015020 완료 19:08:03 
2020-08-21 19:08:03 : 015230 시작 19:08:03 
2020-08-21 19:08:10 : 084670 완료 19:08:10 
2020-08-21 19:08:10 : 084680 시작 19:08:10 
2020-08-21 19:08:24 : 042660 완료 19:08:24 
2020-08-21 19:08:24 : 042670 시작 19:08:24 
2020-08-21 19:08:27 : 010950 완료 19:08:27 
2020-08-21 19:08:27 : 010955 시작 19:08:27 
2020-08-21 19:08:29 : 025530 완료 19:08:29 
2020-08-21 19:08:29 : 025540 시작 19:08:29 
2020-08-21 19:08:49 : 084680 완료 19:08:49 
2020-08-21 19:08:49 : 084690 시작 19:08:49 
2020-08-21 19:09:07 : 015230 완료 19:09:07 
2020-08-21 19:09:08 : 015260 시작 19:09:08 
2020-08-21 19:09:17 : 042670 완료 19:09:17 
2020-08-21 19:09:18 : 042700 시작 19:09:18 
2020-08-21 19:09:22 : 025540 완료 19:09:22 
2020-08-21 19:09:22 : 025560 시작 19:09:22 
2020-08-21 19:09:29 : 084690 완료 19:09:29 
2020-08-21 19:09:29 : 084695 시작 19:09:29 
2020-08-21 19:09:34 : 010955 완료 19:09:34 
2020-08-21 19:09:34 : 010960 시작 19:09:34 
2020-08-21 19:09:57 : 042700 완료 19:09:57 
2020-08-21 19:09:57 : 044380 시작 19:09:57 
2020-08-21 19:10:08 : 084695 완료 19:10:08 
2020-08-21 19:10:08 : 084870 시작 19:10:08 
2020-08-21 19:10:14 : 015260 완료 19:10:14 
2020-08-21 19:10:14 : 015350 시작 19:10:14 
2020-08-21 19:10:22 : 010960 완료 19:10:22 
2020-08-21 19:10:23 : 011000 시작 19:10:23 
2020-08-21 19:10:28 : 025560 완료 19:10:28 
2020-08-21 19:10:28 : 025620 시작 19:10:28 
2020-08-21 19:10:35 : 044380 완료 19:10:35 
2020-08-21 19:10:35 : 044450 시작 19:10:35 
2020-08-21 19:10:49 : 084870 완료 19:10:49 
2020-08-21 19:10:49 : 085310 시작 19:10:49 
2020-08-21 19:11:08 : 044450 완료 19:11:08 
2020-08-21 19:11:08 : 044820 시작 19:11:08 
2020-08-21 19:11:17 : 015350 완료 19:11:17 
2020-08-21 19:11:17 : 015360 시작 19:11:17 
2020-08-21 19:11:20 : 085310 완료 19:11:20 
2020-08-21 19:11:20 : 085620 시작 19:11:20 
2020-08-21 19:11:23 : 025620 완료 19:11:23 
2020-08-21 19:11:23 : 025750 시작 19:11:23 
2020-08-21 19:11:26 : 011000 완료 19:11:26 
2020-08-21 19:11:26 : 011070 시작 19:11:26 
2020-08-21 19:11:33 : 085620 완료 19:11:32 
2020-08-21 19:11:33 : 086280 시작 19:11:33 
2020-08-21 19:11:54 : 044820 완료 19:11:53 
2020-08-21 19:11:54 : 047040 시작 19:11:54 
2020-08-21 19:11:55 : 011070 완료 19:11:55 
2020-08-21 19:11:55 : 011090 시작 19:11:55 
2020-08-21 19:12:04 : 025750 완료 19:12:04 
2020-08-21 19:12:04 : 025820 시작 19:12:04 
2020-08-21 19:12:08 : 086280 완료 19:12:08 
2020-08-21 19:12:08 : 086790 시작 19:12:08 
2020-08-21 19:12:16 : 015360 완료 19:12:16 
2020-08-21 19:12:16 : 015540 시작 19:12:16 
2020-08-21 19:12:42 : 047040 완료 19:12:42 
2020-08-21 19:12:42 : 047050 시작 19:12:42 
2020-08-21 19:12:45 : 086790 완료 19:12:45 
2020-08-21 19:12:45 : 088260 시작 19:12:45 
2020-08-21 19:12:50 : 088260 완료 19:12:50 
2020-08-21 19:12:50 : 088350 시작 19:12:50 
2020-08-21 19:12:54 : 025820 완료 19:12:54 
2020-08-21 19:12:54 : 025860 시작 19:12:54 
2020-08-21 19:12:57 : 011090 완료 19:12:57 
2020-08-21 19:12:57 : 011150 시작 19:12:57 
2020-08-21 19:13:16 : 088350 완료 19:13:15 
2020-08-21 19:13:16 : 088790 시작 19:13:16 
2020-08-21 19:22:42 : 001060 시작 19:22:42 
2020-08-21 19:22:42 : 000020 시작 19:22:42 
2020-08-21 19:22:42 : 002220 시작 19:22:42 
2020-08-21 19:22:42 : 003535 시작 19:22:42 
2020-08-21 19:22:42 : 006490 시작 19:22:42 
2020-08-21 19:22:42 : 004985 시작 19:22:42 
2020-08-21 19:22:42 : 012200 시작 19:22:42 
2020-08-21 19:22:42 : 009290 시작 19:22:42 
2020-08-21 19:22:42 : 017810 시작 19:22:42 
2020-08-21 19:22:42 : 055490 시작 19:22:42 
2020-08-21 19:22:42 : 030610 시작 19:22:42 
2020-08-21 19:22:42 : 088350 시작 19:22:42 
2020-08-21 19:22:42 : 107590 시작 19:22:42 
2020-08-21 19:22:42 : 174360 시작 19:22:42 
2020-08-21 19:22:42 : 139240 시작 19:22:42 
2020-08-21 19:22:42 : 223190 시작 19:22:42 
2020-08-21 19:22:42 : 252000 시작 19:22:42 
2020-08-21 19:22:43 : 272220 시작 19:22:43 
2020-08-21 19:22:43 : 291620 시작 19:22:43 
2020-08-21 19:22:43 : 305720 시작 19:22:43 
2020-08-21 19:22:43 : 334890 시작 19:22:43 
2020-08-21 19:22:43 : 530016 시작 19:22:43 
2020-08-21 19:22:43 : 500010 시작 19:22:43 
2020-08-21 19:22:43 : 570020 시작 19:22:43 
2020-08-21 19:22:53 : 000020 시작 19:22:53 
2020-08-21 19:22:53 : 002220 시작 19:22:53 
2020-08-21 19:22:53 : 003535 시작 19:22:53 
2020-08-21 19:22:53 : 001060 시작 19:22:53 
2020-08-21 19:22:53 : 004985 시작 19:22:53 
2020-08-21 19:22:53 : 006490 시작 19:22:53 
2020-08-21 19:30:31 : 000020 시작 19:30:31 
2020-08-21 19:30:31 : 002220 시작 19:30:31 
2020-08-21 19:30:31 : 001060 시작 19:30:31 
2020-08-21 19:30:31 : 004985 시작 19:30:31 
2020-08-21 19:30:31 : 003535 시작 19:30:31 
2020-08-21 19:30:31 : 006490 시작 19:30:31 
2020-08-21 19:30:51 : 000020 시작 19:30:51 
2020-08-21 19:30:51 : 003535 시작 19:30:51 
2020-08-21 19:30:51 : 004985 시작 19:30:51 
2020-08-21 19:30:51 : 002220 시작 19:30:51 
2020-08-21 19:30:51 : 006490 시작 19:30:51 
2020-08-21 19:30:51 : 001060 시작 19:30:51 
2020-08-21 19:31:25 : 000020 시작 19:31:25 
2020-08-21 19:31:25 : 001060 시작 19:31:25 
2020-08-21 19:31:25 : 002220 시작 19:31:25 
2020-08-21 19:31:25 : 006490 시작 19:31:25 
2020-08-21 19:31:25 : 003535 시작 19:31:25 
2020-08-21 19:31:25 : 004985 시작 19:31:25 
2020-08-21 19:31:38 : 000020 시작 19:31:38 
2020-08-21 19:31:38 : 002220 시작 19:31:38 
2020-08-21 19:31:38 : 003535 시작 19:31:38 
2020-08-21 19:31:38 : 001060 시작 19:31:38 
2020-08-21 19:31:38 : 004985 시작 19:31:38 
2020-08-21 19:31:38 : 006490 시작 19:31:38 
2020-08-21 19:47:51 : 000020 시작 19:47:51 
2020-08-21 19:47:51 : 001060 시작 19:47:51 
2020-08-21 19:47:51 : 002220 시작 19:47:51 
2020-08-21 19:47:51 : 003535 시작 19:47:51 
2020-08-21 19:47:51 : 004985 시작 19:47:51 
2020-08-21 19:47:51 : 006490 시작 19:47:51 
2020-08-21 19:48:32 : 000020 시작 19:48:32 
2020-08-21 19:48:32 : 002220 시작 19:48:32 
2020-08-21 19:48:32 : 003535 시작 19:48:32 
2020-08-21 19:48:32 : 004985 시작 19:48:32 
2020-08-21 19:48:32 : 001060 시작 19:48:32 
2020-08-21 19:48:32 : 006490 시작 19:48:32 
2020-08-21 19:48:45 : 003535 시작 19:48:45 
2020-08-21 19:48:45 : 000020 시작 19:48:45 
2020-08-21 19:48:45 : 002220 시작 19:48:45 
2020-08-21 19:48:45 : 001060 시작 19:48:45 
2020-08-21 19:48:46 : 004985 시작 19:48:46 
2020-08-21 19:48:48 : 006490 시작 19:48:48 
2020-08-21 19:49:44 : 000020 시작 19:49:44 
2020-08-21 19:49:44 : 002220 시작 19:49:44 
2020-08-21 19:49:44 : 003535 시작 19:49:44 
2020-08-21 19:49:44 : 001060 시작 19:49:44 
2020-08-21 19:49:44 : 004985 시작 19:49:44 
2020-08-21 19:49:44 : 006490 시작 19:49:44 
2020-08-21 19:49:44 : 009290 시작 19:49:44 
2020-08-21 19:49:44 : 012200 시작 19:49:44 
2020-08-21 19:49:44 : 030610 시작 19:49:44 
2020-08-21 19:49:44 : 055490 시작 19:49:44 
2020-08-21 19:49:44 : 017810 시작 19:49:44 
2020-08-21 19:49:44 : 088350 시작 19:49:44 
2020-08-21 19:49:44 : 107590 시작 19:49:44 
2020-08-21 19:49:44 : 174360 시작 19:49:44 
2020-08-21 19:49:44 : 139240 시작 19:49:44 
2020-08-21 19:49:44 : 223190 시작 19:49:44 
2020-08-21 19:49:44 : 272220 시작 19:49:44 
2020-08-21 19:49:44 : 252000 시작 19:49:44 
2020-08-21 19:49:44 : 291620 시작 19:49:44 
2020-08-21 19:49:45 : 334890 시작 19:49:45 
2020-08-21 19:49:45 : 305720 시작 19:49:45 
2020-08-21 19:49:45 : 570020 시작 19:49:45 
2020-08-21 19:49:45 : 530016 시작 19:49:45 
2020-08-21 19:49:45 : 500010 시작 19:49:45 
2020-08-21 19:50:09 : 000020 시작 19:50:09 
2020-08-21 19:50:09 : 003535 시작 19:50:09 
2020-08-21 19:50:09 : 002220 시작 19:50:09 
2020-08-21 19:50:09 : 001060 시작 19:50:09 
2020-08-21 19:50:09 : 006490 시작 19:50:09 
2020-08-21 19:51:04 : 000020 시작 19:51:04 
2020-08-21 19:51:04 : 001060 시작 19:51:04 
2020-08-21 19:51:04 : 003535 시작 19:51:04 
2020-08-21 19:51:04 : 004985 시작 19:51:04 
2020-08-21 19:51:04 : 006490 시작 19:51:04 
2020-08-21 19:51:04 : 002220 시작 19:51:04 
2020-08-21 19:52:18 : 000020 시작 19:52:18 
2020-08-21 19:52:18 : 002220 시작 19:52:18 
2020-08-21 19:52:18 : 003535 시작 19:52:18 
2020-08-21 19:52:18 : 001060 시작 19:52:18 
2020-08-21 19:52:18 : 004985 시작 19:52:18 
2020-08-21 19:52:18 : 006490 시작 19:52:18 
2020-08-21 19:52:42 : 001060 시작 19:52:42 
2020-08-21 19:52:42 : 000020 시작 19:52:42 
2020-08-21 19:52:42 : 002220 시작 19:52:42 
2020-08-21 19:52:42 : 004985 시작 19:52:42 
2020-08-21 19:52:42 : 003535 시작 19:52:42 
2020-08-21 19:52:42 : 006490 시작 19:52:42 
2020-08-21 19:52:58 : 000020 시작 19:52:58 
2020-08-21 19:52:58 : 002220 시작 19:52:58 
2020-08-21 19:52:58 : 004985 시작 19:52:58 
2020-08-21 19:52:58 : 001060 시작 19:52:58 
2020-08-21 19:52:58 : 003535 시작 19:52:58 
2020-08-21 19:52:58 : 006490 시작 19:52:58 
2020-08-21 19:55:49 : 000020 시작 19:55:49 
2020-08-21 19:55:49 : 002220 시작 19:55:49 
2020-08-21 19:55:49 : 003535 시작 19:55:49 
2020-08-21 19:55:49 : 001060 시작 19:55:49 
2020-08-21 19:55:49 : 004985 시작 19:55:49 
2020-08-21 19:55:49 : 006490 시작 19:55:49 
2020-08-21 19:56:00 : 001060 시작 19:56:00 
2020-08-21 19:56:00 : 000020 시작 19:56:00 
2020-08-21 19:56:00 : 002220 시작 19:56:00 
2020-08-21 19:56:00 : 003535 시작 19:56:00 
2020-08-21 19:56:00 : 004985 시작 19:56:00 
2020-08-21 19:56:00 : 006490 시작 19:56:00 
2020-08-21 19:57:48 : 000020 시작 19:57:48 
2020-08-21 19:57:48 : 001060 시작 19:57:48 
2020-08-21 19:57:48 : 002220 시작 19:57:48 
2020-08-21 19:57:48 : 003535 시작 19:57:48 
2020-08-21 19:57:48 : 004985 시작 19:57:48 
2020-08-21 19:57:48 : 006490 시작 19:57:48 
2020-08-21 19:59:16 : 000020 시작 19:59:16 
2020-08-21 19:59:16 : 001060 시작 19:59:16 
2020-08-21 19:59:16 : 002220 시작 19:59:16 
2020-08-21 19:59:16 : 004985 시작 19:59:16 
2020-08-21 19:59:16 : 003535 시작 19:59:16 
2020-08-21 19:59:16 : 006490 시작 19:59:16 
2020-08-21 20:10:15 : 000020 시작 20:10:15 
2020-08-21 20:10:15 : 002220 시작 20:10:15 
2020-08-21 20:10:15 : 003535 시작 20:10:15 
2020-08-21 20:10:15 : 001060 시작 20:10:15 
2020-08-21 20:10:15 : 004985 시작 20:10:15 
2020-08-21 20:10:15 : 006490 시작 20:10:15 
2020-08-21 20:15:19 : 000020 시작 20:15:19 
2020-08-21 20:15:19 : 001060 시작 20:15:19 
2020-08-21 20:15:19 : 002220 시작 20:15:19 
2020-08-21 20:15:19 : 003535 시작 20:15:19 
2020-08-21 20:15:19 : 004985 시작 20:15:19 
2020-08-21 20:15:19 : 006490 시작 20:15:19 
2020-08-21 20:15:19 : 000020 완료 20:15:19 
2020-08-21 20:15:19 : 000040 시작 20:15:19 
2020-08-21 20:15:19 : 002220 완료 20:15:19 
2020-08-21 20:15:19 : 002240 시작 20:15:19 
2020-08-21 20:15:19 : 001060 완료 20:15:19 
2020-08-21 20:15:19 : 001065 시작 20:15:19 
2020-08-21 20:15:19 : 003535 완료 20:15:19 
2020-08-21 20:15:19 : 003540 시작 20:15:19 
2020-08-21 20:15:19 : 004985 완료 20:15:19 
2020-08-21 20:15:19 : 004990 시작 20:15:19 
2020-08-21 20:15:19 : 006490 완료 20:15:19 
2020-08-21 20:15:19 : 006570 시작 20:15:19 
2020-08-21 20:15:19 : 002240 완료 20:15:19 
2020-08-21 20:15:19 : 002270 시작 20:15:19 
2020-08-21 20:15:19 : 004990 완료 20:15:19 
2020-08-21 20:15:19 : 00499K 시작 20:15:19 
2020-08-21 20:15:19 : 006570 완료 20:15:19 
2020-08-21 20:15:19 : 006650 시작 20:15:19 
2020-08-21 20:15:19 : 000040 완료 20:15:19 
2020-08-21 20:15:19 : 000050 시작 20:15:19 
2020-08-21 20:15:19 : 002270 완료 20:15:19 
2020-08-21 20:15:19 : 002310 시작 20:15:19 
2020-08-21 20:15:19 : 003540 완료 20:15:19 
2020-08-21 20:15:19 : 003545 시작 20:15:19 
2020-08-21 20:15:19 : 001065 완료 20:15:19 
2020-08-21 20:15:19 : 001067 시작 20:15:19 
2020-08-21 20:15:19 : 00499K 완료 20:15:19 
2020-08-21 20:15:19 : 005010 시작 20:15:19 
2020-08-21 20:15:19 : 003545 완료 20:15:19 
2020-08-21 20:15:19 : 003547 시작 20:15:19 
2020-08-21 20:15:19 : 006650 완료 20:15:19 
2020-08-21 20:15:19 : 006660 시작 20:15:19 
2020-08-21 20:15:19 : 002310 완료 20:15:19 
2020-08-21 20:15:19 : 002320 시작 20:15:19 
2020-08-21 20:15:19 : 000050 완료 20:15:19 
2020-08-21 20:15:19 : 000060 시작 20:15:19 
2020-08-21 20:15:19 : 001067 완료 20:15:19 
2020-08-21 20:15:19 : 001070 시작 20:15:19 
2020-08-21 20:15:19 : 005010 완료 20:15:19 
2020-08-21 20:15:19 : 005030 시작 20:15:19 
2020-08-21 20:15:19 : 000060 완료 20:15:19 
2020-08-21 20:15:19 : 000070 시작 20:15:19 
2020-08-21 20:15:19 : 002320 완료 20:15:19 
2020-08-21 20:15:19 : 002350 시작 20:15:19 
2020-08-21 20:15:19 : 001070 완료 20:15:19 
2020-08-21 20:15:19 : 001080 시작 20:15:19 
2020-08-21 20:15:19 : 005030 완료 20:15:19 
2020-08-21 20:15:19 : 005070 시작 20:15:19 
2020-08-21 20:15:19 : 006660 완료 20:15:19 
2020-08-21 20:15:19 : 006740 시작 20:15:19 
2020-08-21 20:15:19 : 003547 완료 20:15:19 
2020-08-21 20:15:19 : 003550 시작 20:15:19 
2020-08-21 20:15:19 : 000070 완료 20:15:19 
2020-08-21 20:15:19 : 000075 시작 20:15:19 
2020-08-21 20:15:19 : 002350 완료 20:15:19 
2020-08-21 20:15:19 : 002355 시작 20:15:19 
2020-08-21 20:15:19 : 001080 완료 20:15:19 
2020-08-21 20:15:19 : 001120 시작 20:15:19 
2020-08-21 20:15:19 : 006740 완료 20:15:19 
2020-08-21 20:15:19 : 006800 시작 20:15:19 
2020-08-21 20:15:19 : 003550 완료 20:15:19 
2020-08-21 20:15:19 : 003555 시작 20:15:19 
2020-08-21 20:15:19 : 005070 완료 20:15:19 
2020-08-21 20:15:19 : 005090 시작 20:15:19 
2020-08-21 20:15:19 : 001120 완료 20:15:19 
2020-08-21 20:15:19 : 001130 시작 20:15:19 
2020-08-21 20:15:19 : 006800 완료 20:15:19 
2020-08-21 20:15:19 : 006805 시작 20:15:19 
2020-08-21 20:15:19 : 002355 완료 20:15:19 
2020-08-21 20:15:19 : 002360 시작 20:15:19 
2020-08-21 20:15:19 : 005090 완료 20:15:19 
2020-08-21 20:15:19 : 005110 시작 20:15:19 
2020-08-21 20:15:19 : 000075 완료 20:15:19 
2020-08-21 20:15:19 : 000080 시작 20:15:19 
2020-08-21 20:15:19 : 001130 완료 20:15:19 
2020-08-21 20:15:19 : 001140 시작 20:15:19 
2020-08-21 20:15:19 : 003555 완료 20:15:19 
2020-08-21 20:15:19 : 003560 시작 20:15:19 
2020-08-21 20:15:19 : 002360 완료 20:15:19 
2020-08-21 20:15:19 : 002380 시작 20:15:19 
2020-08-21 20:15:19 : 006805 완료 20:15:19 
2020-08-21 20:15:19 : 00680K 시작 20:15:19 
2020-08-21 20:15:19 : 001140 완료 20:15:19 
2020-08-21 20:15:19 : 001200 시작 20:15:19 
2020-08-21 20:15:19 : 000080 완료 20:15:19 
2020-08-21 20:15:19 : 000087 시작 20:15:19 
2020-08-21 20:15:19 : 005110 완료 20:15:19 
2020-08-21 20:15:19 : 005180 시작 20:15:19 
2020-08-21 20:15:19 : 003560 완료 20:15:19 
2020-08-21 20:15:19 : 003570 시작 20:15:19 
2020-08-21 20:15:20 : 001200 완료 20:15:19 
2020-08-21 20:15:20 : 001210 시작 20:15:20 
2020-08-21 20:15:20 : 002380 완료 20:15:19 
2020-08-21 20:15:20 : 002390 시작 20:15:20 
2020-08-21 20:15:20 : 000087 완료 20:15:19 
2020-08-21 20:15:20 : 000100 시작 20:15:20 
2020-08-21 20:15:20 : 003570 완료 20:15:19 
2020-08-21 20:15:20 : 003580 시작 20:15:20 
2020-08-21 20:15:20 : 005180 완료 20:15:19 
2020-08-21 20:15:20 : 005190 시작 20:15:20 
2020-08-21 20:15:20 : 00680K 완료 20:15:19 
2020-08-21 20:15:20 : 006840 시작 20:15:20 
2020-08-21 20:15:20 : 001210 완료 20:15:20 
2020-08-21 20:15:20 : 001230 시작 20:15:20 
2020-08-21 20:15:20 : 003580 완료 20:15:20 
2020-08-21 20:15:20 : 003610 시작 20:15:20 
2020-08-21 20:15:20 : 005190 완료 20:15:20 
2020-08-21 20:15:20 : 005250 시작 20:15:20 
2020-08-21 20:15:20 : 006840 완료 20:15:20 
2020-08-21 20:15:20 : 006880 시작 20:15:20 
2020-08-21 20:15:20 : 002390 완료 20:15:20 
2020-08-21 20:15:20 : 002410 시작 20:15:20 
2020-08-21 20:15:20 : 000100 완료 20:15:20 
2020-08-21 20:15:20 : 000105 시작 20:15:20 
2020-08-21 20:15:20 : 001230 완료 20:15:20 
2020-08-21 20:15:20 : 001250 시작 20:15:20 
2020-08-21 20:15:20 : 003610 완료 20:15:20 
2020-08-21 20:15:20 : 003620 시작 20:15:20 
2020-08-21 20:15:20 : 006880 완료 20:15:20 
2020-08-21 20:15:20 : 006890 시작 20:15:20 
2020-08-21 20:15:20 : 005250 완료 20:15:20 
2020-08-21 20:15:20 : 005257 시작 20:15:20 
2020-08-21 20:15:20 : 002410 완료 20:15:20 
2020-08-21 20:15:20 : 002420 시작 20:15:20 
2020-08-21 20:15:20 : 001250 완료 20:15:20 
2020-08-21 20:15:20 : 001260 시작 20:15:20 
2020-08-21 20:15:20 : 000105 완료 20:15:20 
2020-08-21 20:15:20 : 000120 시작 20:15:20 
2020-08-21 20:15:20 : 003620 완료 20:15:20 
2020-08-21 20:15:20 : 003650 시작 20:15:20 
2020-08-21 20:15:20 : 006890 완료 20:15:20 
2020-08-21 20:15:20 : 006980 시작 20:15:20 
2020-08-21 20:15:20 : 005257 완료 20:15:20 
2020-08-21 20:15:20 : 005300 시작 20:15:20 
2020-08-21 20:15:20 : 002420 완료 20:15:20 
2020-08-21 20:15:20 : 002450 시작 20:15:20 
2020-08-21 20:15:20 : 001260 완료 20:15:20 
2020-08-21 20:15:20 : 001270 시작 20:15:20 
2020-08-21 20:15:20 : 003650 완료 20:15:20 
2020-08-21 20:15:20 : 003670 시작 20:15:20 
2020-08-21 20:15:20 : 000120 완료 20:15:20 
2020-08-21 20:15:20 : 000140 시작 20:15:20 
2020-08-21 20:15:20 : 006980 완료 20:15:20 
2020-08-21 20:15:20 : 007070 시작 20:15:20 
2020-08-21 20:15:20 : 002450 완료 20:15:20 
2020-08-21 20:15:20 : 002460 시작 20:15:20 
2020-08-21 20:15:20 : 005300 완료 20:15:20 
2020-08-21 20:15:20 : 005305 시작 20:15:20 
2020-08-21 20:15:20 : 001270 완료 20:15:20 
2020-08-21 20:15:20 : 001275 시작 20:15:20 
2020-08-21 20:15:20 : 003670 완료 20:15:20 
2020-08-21 20:15:20 : 003680 시작 20:15:20 
2020-08-21 20:15:20 : 007070 완료 20:15:20 
2020-08-21 20:15:20 : 007110 시작 20:15:20 
2020-08-21 20:15:20 : 002460 완료 20:15:20 
2020-08-21 20:15:20 : 002600 시작 20:15:20 
2020-08-21 20:15:20 : 005305 완료 20:15:20 
2020-08-21 20:15:20 : 005320 시작 20:15:20 
2020-08-21 20:15:20 : 000140 완료 20:15:20 
2020-08-21 20:15:20 : 000145 시작 20:15:20 
2020-08-21 20:15:20 : 001275 완료 20:15:20 
2020-08-21 20:15:20 : 001290 시작 20:15:20 
2020-08-21 20:15:20 : 003680 완료 20:15:20 
2020-08-21 20:15:20 : 003690 시작 20:15:20 
2020-08-21 20:15:20 : 002600 완료 20:15:20 
2020-08-21 20:15:20 : 002620 시작 20:15:20 
2020-08-21 20:15:20 : 007110 완료 20:15:20 
2020-08-21 20:15:20 : 007120 시작 20:15:20 
2020-08-21 20:15:20 : 005320 완료 20:15:20 
2020-08-21 20:15:20 : 005360 시작 20:15:20 
2020-08-21 20:15:20 : 001290 완료 20:15:20 
2020-08-21 20:15:20 : 001340 시작 20:15:20 
2020-08-21 20:15:20 : 000145 완료 20:15:20 
2020-08-21 20:15:20 : 000150 시작 20:15:20 
2020-08-21 20:15:20 : 003690 완료 20:15:20 
2020-08-21 20:15:20 : 003720 시작 20:15:20 
2020-08-21 20:15:20 : 007120 완료 20:15:20 
2020-08-21 20:15:20 : 007160 시작 20:15:20 
2020-08-21 20:15:20 : 005360 완료 20:15:20 
2020-08-21 20:15:20 : 005380 시작 20:15:20 
2020-08-21 20:15:20 : 002620 완료 20:15:20 
2020-08-21 20:15:20 : 002630 시작 20:15:20 
2020-08-21 20:15:20 : 007160 완료 20:15:20 
2020-08-21 20:15:20 : 007210 시작 20:15:20 
2020-08-21 20:15:20 : 001340 완료 20:15:20 
2020-08-21 20:15:20 : 001360 시작 20:15:20 
2020-08-21 20:15:20 : 000150 완료 20:15:20 
2020-08-21 20:15:20 : 000155 시작 20:15:20 
2020-08-21 20:15:20 : 005380 완료 20:15:20 
2020-08-21 20:15:20 : 005385 시작 20:15:20 
2020-08-21 20:15:20 : 002630 완료 20:15:20 
2020-08-21 20:15:20 : 002690 시작 20:15:20 
2020-08-21 20:15:20 : 003720 완료 20:15:20 
2020-08-21 20:15:20 : 003780 시작 20:15:20 
2020-08-21 20:15:20 : 001360 완료 20:15:20 
2020-08-21 20:15:20 : 001380 시작 20:15:20 
2020-08-21 20:15:20 : 005385 완료 20:15:20 
2020-08-21 20:15:20 : 005387 시작 20:15:20 
2020-08-21 20:15:20 : 007210 완료 20:15:20 
2020-08-21 20:15:20 : 007280 시작 20:15:20 
2020-08-21 20:15:20 : 000155 완료 20:15:20 
2020-08-21 20:15:20 : 000157 시작 20:15:20 
2020-08-21 20:15:20 : 002690 완료 20:15:20 
2020-08-21 20:15:20 : 002700 시작 20:15:20 
2020-08-21 20:15:20 : 003780 완료 20:15:20 
2020-08-21 20:15:20 : 003830 시작 20:15:20 
2020-08-21 20:15:20 : 001380 완료 20:15:20 
2020-08-21 20:15:20 : 001390 시작 20:15:20 
2020-08-21 20:15:21 : 005387 완료 20:15:20 
2020-08-21 20:15:21 : 005389 시작 20:15:21 
2020-08-21 20:15:21 : 000157 완료 20:15:20 
2020-08-21 20:15:21 : 000180 시작 20:15:21 
2020-08-21 20:15:21 : 007280 완료 20:15:20 
2020-08-21 20:15:21 : 007310 시작 20:15:21 
2020-08-21 20:15:21 : 001390 완료 20:15:20 
2020-08-21 20:15:21 : 001420 시작 20:15:21 
2020-08-21 20:15:21 : 003830 완료 20:15:20 
2020-08-21 20:15:21 : 003850 시작 20:15:21 
2020-08-21 20:15:21 : 002700 완료 20:15:20 
2020-08-21 20:15:21 : 002710 시작 20:15:21 
2020-08-21 20:15:21 : 005389 완료 20:15:21 
2020-08-21 20:15:21 : 005390 시작 20:15:21 
2020-08-21 20:15:21 : 003850 완료 20:15:21 
2020-08-21 20:15:21 : 003920 시작 20:15:21 
2020-08-21 20:15:21 : 001420 완료 20:15:21 
2020-08-21 20:15:21 : 001430 시작 20:15:21 
2020-08-21 20:15:21 : 000180 완료 20:15:21 
2020-08-21 20:15:21 : 000210 시작 20:15:21 
2020-08-21 20:15:21 : 005390 완료 20:15:21 
2020-08-21 20:15:21 : 005420 시작 20:15:21 
2020-08-21 20:15:21 : 002710 완료 20:15:21 
2020-08-21 20:15:21 : 002720 시작 20:15:21 
2020-08-21 20:15:21 : 007310 완료 20:15:21 
2020-08-21 20:15:21 : 007340 시작 20:15:21 
2020-08-21 20:15:21 : 000210 완료 20:15:21 
2020-08-21 20:15:21 : 000215 시작 20:15:21 
2020-08-21 20:15:21 : 003920 완료 20:15:21 
2020-08-21 20:15:21 : 003925 시작 20:15:21 
2020-08-21 20:15:21 : 001430 완료 20:15:21 
2020-08-21 20:15:21 : 001440 시작 20:15:21 
2020-08-21 20:15:21 : 005420 완료 20:15:21 
2020-08-21 20:15:21 : 005430 시작 20:15:21 
2020-08-21 20:15:21 : 007340 완료 20:15:21 
2020-08-21 20:15:21 : 007460 시작 20:15:21 
2020-08-21 20:15:21 : 002720 완료 20:15:21 
2020-08-21 20:15:21 : 002760 시작 20:15:21 
2020-08-21 20:15:21 : 001440 완료 20:15:21 
2020-08-21 20:15:21 : 001450 시작 20:15:21 
2020-08-21 20:15:21 : 005430 완료 20:15:21 
2020-08-21 20:15:21 : 005440 시작 20:15:21 
2020-08-21 20:15:21 : 002760 완료 20:15:21 
2020-08-21 20:15:21 : 002780 시작 20:15:21 
2020-08-21 20:15:21 : 000215 완료 20:15:21 
2020-08-21 20:15:21 : 000220 시작 20:15:21 
2020-08-21 20:15:21 : 003925 완료 20:15:21 
2020-08-21 20:15:21 : 003960 시작 20:15:21 
2020-08-21 20:15:21 : 001450 완료 20:15:21 
2020-08-21 20:15:21 : 001460 시작 20:15:21 
2020-08-21 20:15:21 : 007460 완료 20:15:21 
2020-08-21 20:15:21 : 007540 시작 20:15:21 
2020-08-21 20:15:21 : 005440 완료 20:15:21 
2020-08-21 20:15:21 : 005490 시작 20:15:21 
2020-08-21 20:15:21 : 002780 완료 20:15:21 
2020-08-21 20:15:21 : 002785 시작 20:15:21 
2020-08-21 20:15:21 : 000220 완료 20:15:21 
2020-08-21 20:15:21 : 000225 시작 20:15:21 
2020-08-21 20:15:21 : 005490 완료 20:15:21 
2020-08-21 20:15:21 : 005500 시작 20:15:21 
2020-08-21 20:15:21 : 001460 완료 20:15:21 
2020-08-21 20:15:21 : 001465 시작 20:15:21 
2020-08-21 20:15:21 : 003960 완료 20:15:21 
2020-08-21 20:15:21 : 004000 시작 20:15:21 
2020-08-21 20:15:21 : 007540 완료 20:15:21 
2020-08-21 20:15:21 : 007570 시작 20:15:21 
2020-08-21 20:15:21 : 005500 완료 20:15:21 
2020-08-21 20:15:21 : 005610 시작 20:15:21 
2020-08-21 20:15:21 : 002785 완료 20:15:21 
2020-08-21 20:15:21 : 002787 시작 20:15:21 
2020-08-21 20:15:21 : 000225 완료 20:15:21 
2020-08-21 20:15:21 : 000227 시작 20:15:21 
2020-08-21 20:15:21 : 004000 완료 20:15:21 
2020-08-21 20:15:21 : 004020 시작 20:15:21 
2020-08-21 20:15:21 : 007570 완료 20:15:21 
2020-08-21 20:15:21 : 007575 시작 20:15:21 
2020-08-21 20:15:21 : 001465 완료 20:15:21 
2020-08-21 20:15:21 : 001470 시작 20:15:21 
2020-08-21 20:15:21 : 005610 완료 20:15:21 
2020-08-21 20:15:21 : 005680 시작 20:15:21 
2020-08-21 20:15:21 : 000227 완료 20:15:21 
2020-08-21 20:15:21 : 000230 시작 20:15:21 
2020-08-21 20:15:21 : 002787 완료 20:15:21 
2020-08-21 20:15:21 : 002790 시작 20:15:21 
2020-08-21 20:15:21 : 004020 완료 20:15:21 
2020-08-21 20:15:21 : 004060 시작 20:15:21 
2020-08-21 20:15:21 : 007575 완료 20:15:21 
2020-08-21 20:15:21 : 007590 시작 20:15:21 
2020-08-21 20:15:21 : 001470 완료 20:15:21 
2020-08-21 20:15:21 : 001500 시작 20:15:21 
2020-08-21 20:15:21 : 000230 완료 20:15:21 
2020-08-21 20:15:21 : 000240 시작 20:15:21 
2020-08-21 20:15:21 : 005680 완료 20:15:21 
2020-08-21 20:15:21 : 005690 시작 20:15:21 
2020-08-21 20:15:21 : 004060 완료 20:15:21 
2020-08-21 20:15:21 : 004080 시작 20:15:21 
2020-08-21 20:15:21 : 002790 완료 20:15:21 
2020-08-21 20:15:21 : 002795 시작 20:15:21 
2020-08-21 20:15:21 : 001500 완료 20:15:21 
2020-08-21 20:15:21 : 001510 시작 20:15:21 
2020-08-21 20:15:21 : 007590 완료 20:15:21 
2020-08-21 20:15:21 : 007610 시작 20:15:21 
2020-08-21 20:15:22 : 001510 완료 20:15:21 
2020-08-21 20:15:22 : 001515 시작 20:15:22 
2020-08-21 20:15:22 : 005690 완료 20:15:21 
2020-08-21 20:15:22 : 005720 시작 20:15:22 
2020-08-21 20:15:22 : 000240 완료 20:15:21 
2020-08-21 20:15:22 : 000270 시작 20:15:22 
2020-08-21 20:15:22 : 004080 완료 20:15:21 
2020-08-21 20:15:22 : 004090 시작 20:15:22 
2020-08-21 20:15:22 : 002795 완료 20:15:21 
2020-08-21 20:15:22 : 00279K 시작 20:15:22 
2020-08-21 20:15:22 : 007610 완료 20:15:21 
2020-08-21 20:15:22 : 007630 시작 20:15:22 
2020-08-21 20:15:22 : 000270 완료 20:15:22 
2020-08-21 20:15:22 : 005720 완료 20:15:22 
2020-08-21 20:15:22 : 000300 시작 20:15:22 
2020-08-21 20:15:22 : 005725 시작 20:15:22 
2020-08-21 20:15:22 : 004090 완료 20:15:22 
2020-08-21 20:15:22 : 004100 시작 20:15:22 
2020-08-21 20:15:22 : 001515 완료 20:15:22 
2020-08-21 20:15:22 : 001520 시작 20:15:22 
2020-08-21 20:15:22 : 007630 완료 20:15:22 
2020-08-21 20:15:22 : 007660 시작 20:15:22 
2020-08-21 20:15:22 : 00279K 완료 20:15:22 
2020-08-21 20:15:22 : 002810 시작 20:15:22 
2020-08-21 20:15:22 : 004100 완료 20:15:22 
2020-08-21 20:15:22 : 004105 시작 20:15:22 
2020-08-21 20:15:22 : 000300 완료 20:15:22 
2020-08-21 20:15:22 : 000320 시작 20:15:22 
2020-08-21 20:15:22 : 001520 완료 20:15:22 
2020-08-21 20:15:22 : 001525 시작 20:15:22 
2020-08-21 20:15:22 : 005725 완료 20:15:22 
2020-08-21 20:15:22 : 005740 시작 20:15:22 
2020-08-21 20:15:22 : 007660 완료 20:15:22 
2020-08-21 20:15:22 : 007690 시작 20:15:22 
2020-08-21 20:15:22 : 002810 완료 20:15:22 
2020-08-21 20:15:22 : 002820 시작 20:15:22 
2020-08-21 20:15:22 : 000320 완료 20:15:22 
2020-08-21 20:15:22 : 000325 시작 20:15:22 
2020-08-21 20:15:22 : 005740 완료 20:15:22 
2020-08-21 20:15:22 : 005745 시작 20:15:22 
2020-08-21 20:15:22 : 007690 완료 20:15:22 
2020-08-21 20:15:22 : 007700 시작 20:15:22 
2020-08-21 20:15:22 : 002820 완료 20:15:22 
2020-08-21 20:15:22 : 002840 시작 20:15:22 
2020-08-21 20:15:22 : 004105 완료 20:15:22 
2020-08-21 20:15:22 : 004140 시작 20:15:22 
2020-08-21 20:15:22 : 001525 완료 20:15:22 
2020-08-21 20:15:22 : 001527 시작 20:15:22 
2020-08-21 20:15:22 : 002840 완료 20:15:22 
2020-08-21 20:15:22 : 002870 시작 20:15:22 
2020-08-21 20:15:22 : 004140 완료 20:15:22 
2020-08-21 20:15:22 : 004150 시작 20:15:22 
2020-08-21 20:15:22 : 007700 완료 20:15:22 
2020-08-21 20:15:22 : 007810 시작 20:15:22 
2020-08-21 20:15:22 : 000325 완료 20:15:22 
2020-08-21 20:15:22 : 000370 시작 20:15:22 
2020-08-21 20:15:22 : 005745 완료 20:15:22 
2020-08-21 20:15:22 : 005750 시작 20:15:22 
2020-08-21 20:15:22 : 002870 완료 20:15:22 
2020-08-21 20:15:22 : 002880 시작 20:15:22 
2020-08-21 20:15:22 : 001527 완료 20:15:22 
2020-08-21 20:15:22 : 001529 시작 20:15:22 
2020-08-21 20:15:22 : 004150 완료 20:15:22 
2020-08-21 20:15:22 : 004170 시작 20:15:22 
2020-08-21 20:15:22 : 007810 완료 20:15:22 
2020-08-21 20:15:22 : 007815 시작 20:15:22 
2020-08-21 20:15:22 : 000370 완료 20:15:22 
2020-08-21 20:15:22 : 000390 시작 20:15:22 
2020-08-21 20:15:22 : 002880 완료 20:15:22 
2020-08-21 20:15:22 : 005750 완료 20:15:22 
2020-08-21 20:15:22 : 002900 시작 20:15:22 
2020-08-21 20:15:22 : 005800 시작 20:15:22 
2020-08-21 20:15:22 : 004170 완료 20:15:22 
2020-08-21 20:15:22 : 004250 시작 20:15:22 
2020-08-21 20:16:23 : 000020 시작 20:16:23 
2020-08-21 20:16:23 : 000020 완료 20:16:23 
2020-08-21 20:16:23 : Update Code complete - 0.6203155517578125 secs 
2020-08-21 20:16:23 : 크롤링 완료 
2020-08-21 20:17:00 : 000020 시작 20:17:00 
2020-08-21 20:17:01 : 000020 완료 20:17:00 
2020-08-21 20:17:01 : Update Code complete - 0.8158185482025146 secs 
2020-08-21 20:17:01 : 크롤링 완료 
2020-08-21 20:18:05 : 000020 시작 20:18:05 
2020-08-21 20:18:06 : 000020 완료 20:18:05 
2020-08-21 20:18:06 : Update Code complete - 1.5358679294586182 secs 
2020-08-21 20:18:06 : 크롤링 완료 
2020-08-21 20:20:27 : 000020 시작 20:20:27 
2020-08-21 20:20:27 : 002220 시작 20:20:27 
2020-08-21 20:20:27 : 001060 시작 20:20:27 
2020-08-21 20:20:27 : 003535 시작 20:20:27 
2020-08-21 20:20:27 : 004985 시작 20:20:27 
2020-08-21 20:20:27 : 006490 시작 20:20:27 
2020-08-21 20:20:32 : 009290 시작 20:20:32 
2020-08-21 20:20:32 : 012200 시작 20:20:32 
2020-08-21 20:20:33 : 017810 시작 20:20:33 
2020-08-21 20:20:33 : 055490 시작 20:20:33 
2020-08-21 20:20:33 : 030610 시작 20:20:33 
2020-08-21 20:20:34 : 088350 시작 20:20:34 
2020-08-21 20:21:26 : 000020 시작 20:21:26 
2020-08-21 20:21:27 : 000020 완료 20:21:26 
