2020-11-07 19:47:54 :             date  time
0       20181031   901
1       20181031   902
2       20181031   903
3       20181031   904
4       20181031   905
...          ...   ...
194725  20201106  1526
194726  20201106  1527
194727  20201106  1528
194728  20201106  1529
194729  20201106  1530

[194730 rows x 2 columns] 
2020-11-07 19:50:11 :             date  time    open  ...   tr_amount  sales_qu  purchase_qu
0       20181031   901  8250.0  ...    750000.0       0.0         91.0
1       20181031   905  8320.0  ...     80000.0       0.0        101.0
2       20181031   906  8320.0  ...   8510000.0     659.0        462.0
3       20181031   908  8340.0  ...   9170000.0    1116.0       1105.0
4       20181031   909  8340.0  ...  10010000.0    2039.0       1382.0
...          ...   ...     ...  ...         ...       ...          ...
194725  20201106  1525     NaN  ...         NaN       NaN          NaN
194726  20201106  1526     NaN  ...         NaN       NaN          NaN
194727  20201106  1527     NaN  ...         NaN       NaN          NaN
194728  20201106  1528     NaN  ...         NaN       NaN          NaN
194729  20201106  1529     NaN  ...         NaN       NaN          NaN

[194730 rows x 11 columns] 
2020-11-07 19:50:57 :             date  time     open  ...   tr_amount  sales_qu  purchase_qu
0       20181031   901   8250.0  ...    750000.0       0.0         91.0
132941  20181031   902      NaN  ...         NaN       NaN          NaN
132942  20181031   903      NaN  ...         NaN       NaN          NaN
132943  20181031   904      NaN  ...         NaN       NaN          NaN
1       20181031   905   8320.0  ...     80000.0       0.0        101.0
...          ...   ...      ...  ...         ...       ...          ...
194726  20201106  1526      NaN  ...         NaN       NaN          NaN
194727  20201106  1527      NaN  ...         NaN       NaN          NaN
194728  20201106  1528      NaN  ...         NaN       NaN          NaN
194729  20201106  1529      NaN  ...         NaN       NaN          NaN
132940  20201106  1530  18300.0  ...  87620000.0  241237.0     135366.0

[194730 rows x 11 columns] 
2020-11-07 19:51:30 :             date  time     open  ...   tr_amount  sales_qu  purchase_qu
0       20181031   901   8250.0  ...    750000.0       0.0         91.0
132941  20181031   902      NaN  ...         NaN       NaN          NaN
132942  20181031   903      NaN  ...         NaN       NaN          NaN
132943  20181031   904      NaN  ...         NaN       NaN          NaN
1       20181031   905   8320.0  ...     80000.0       0.0        101.0
...          ...   ...      ...  ...         ...       ...          ...
194726  20201106  1526      NaN  ...         NaN       NaN          NaN
194727  20201106  1527      NaN  ...         NaN       NaN          NaN
194728  20201106  1528      NaN  ...         NaN       NaN          NaN
194729  20201106  1529      NaN  ...         NaN       NaN          NaN
132940  20201106  1530  18300.0  ...  87620000.0  241237.0     135366.0

[194730 rows x 11 columns] 
2020-11-07 19:51:42 :             date  time     open  ...   tr_amount  sales_qu  purchase_qu
0       20181031   901   8250.0  ...    750000.0       0.0         91.0
132941  20181031   902      NaN  ...         NaN       NaN          NaN
132942  20181031   903      NaN  ...         NaN       NaN          NaN
132943  20181031   904      NaN  ...         NaN       NaN          NaN
1       20181031   905   8320.0  ...     80000.0       0.0        101.0
...          ...   ...      ...  ...         ...       ...          ...
194726  20201106  1526      NaN  ...         NaN       NaN          NaN
194727  20201106  1527      NaN  ...         NaN       NaN          NaN
194728  20201106  1528      NaN  ...         NaN       NaN          NaN
194729  20201106  1529      NaN  ...         NaN       NaN          NaN
132940  20201106  1530  18300.0  ...  87620000.0  241237.0     135366.0

[194730 rows x 11 columns] 
2020-11-07 19:52:01 : 0           91.0
132941       0.0
132942       0.0
132943       0.0
1           10.0
           ...  
194726       0.0
194727       0.0
194728       0.0
194729       0.0
132940    4788.0
Name: volume, Length: 194730, dtype: float64 
2020-11-07 19:54:32 :             date  time    open  ...   tr_amount  sales_qu  purchase_qu
0       20181031   901  8250.0  ...    750000.0       0.0         91.0
132941  20181031   902     NaN  ...         NaN       NaN          NaN
132942  20181031   903     NaN  ...         NaN       NaN          NaN
132943  20181031   904     NaN  ...         NaN       NaN          NaN
1       20181031   905  8320.0  ...     80000.0       0.0        101.0
2       20181031   906  8320.0  ...   8510000.0     659.0        462.0
132944  20181031   907     NaN  ...         NaN       NaN          NaN
3       20181031   908  8340.0  ...   9170000.0    1116.0       1105.0
4       20181031   909  8340.0  ...  10010000.0    2039.0       1382.0
5       20181031   910  8340.0  ...  17180000.0    3450.0       2031.0

[10 rows x 11 columns] 
2020-11-07 19:56:57 :             date  time    open    high  ...  volume   tr_amount  sales_qu  purchase_qu
0       20181031   901  8250.0  8340.0  ...    91.0    750000.0      None         None
132941  20181031   902     NaN     NaN  ...     NaN         NaN      None         None
132942  20181031   903     NaN     NaN  ...     NaN         NaN      None         None
132943  20181031   904     NaN     NaN  ...     NaN         NaN      None         None
1       20181031   905  8320.0  8320.0  ...    10.0     80000.0      None         None
2       20181031   906  8320.0  8340.0  ...  1020.0   8510000.0      None         None
132944  20181031   907     NaN     NaN  ...     NaN         NaN      None         None
3       20181031   908  8340.0  8340.0  ...  1100.0   9170000.0      None         None
4       20181031   909  8340.0  8340.0  ...  1200.0  10010000.0      None         None
5       20181031   910  8340.0  8350.0  ...  2060.0  17180000.0      None         None

[10 rows x 11 columns] 
2020-11-07 19:57:21 :             date  time    open  ...   tr_amount  sales_qu  purchase_qu
0       20181031   901  8250.0  ...    750000.0       0.0         91.0
132941  20181031   902     NaN  ...         NaN       NaN          NaN
132942  20181031   903     NaN  ...         NaN       NaN          NaN
132943  20181031   904     NaN  ...         NaN       NaN          NaN
1       20181031   905  8320.0  ...     80000.0       0.0        101.0
2       20181031   906  8320.0  ...   8510000.0     659.0        462.0
132944  20181031   907     NaN  ...         NaN       NaN          NaN
3       20181031   908  8340.0  ...   9170000.0    1116.0       1105.0
4       20181031   909  8340.0  ...  10010000.0    2039.0       1382.0
5       20181031   910  8340.0  ...  17180000.0    3450.0       2031.0

[10 rows x 11 columns] 
2020-11-07 19:57:36 :             date  time    open  ...   tr_amount  sales_qu  purchase_qu
0       20181031   901  8250.0  ...    750000.0       0.0         91.0
132941  20181031   902     NaN  ...         NaN       NaN          NaN
132942  20181031   903     NaN  ...         NaN       NaN          NaN
132943  20181031   904     NaN  ...         NaN       NaN          NaN
1       20181031   905  8320.0  ...     80000.0       0.0        101.0
2       20181031   906  8320.0  ...   8510000.0     659.0        462.0
132944  20181031   907     NaN  ...         NaN       NaN          NaN
3       20181031   908  8340.0  ...   9170000.0    1116.0       1105.0
4       20181031   909  8340.0  ...  10010000.0    2039.0       1382.0
5       20181031   910  8340.0  ...  17180000.0    3450.0       2031.0

[10 rows x 11 columns] 
2020-11-07 19:58:02 :             date  time    open    high  ...  volume   tr_amount  sales_qu  purchase_qu
0       20181031   901  8250.0  8340.0  ...    91.0    750000.0      None         None
132941  20181031   902     NaN     NaN  ...     NaN         NaN      None         None
132942  20181031   903     NaN     NaN  ...     NaN         NaN      None         None
132943  20181031   904     NaN     NaN  ...     NaN         NaN      None         None
1       20181031   905  8320.0  8320.0  ...    10.0     80000.0      None         None
2       20181031   906  8320.0  8340.0  ...  1020.0   8510000.0      None         None
132944  20181031   907     NaN     NaN  ...     NaN         NaN      None         None
3       20181031   908  8340.0  8340.0  ...  1100.0   9170000.0      None         None
4       20181031   909  8340.0  8340.0  ...  1200.0  10010000.0      None         None
5       20181031   910  8340.0  8350.0  ...  2060.0  17180000.0      None         None

[10 rows x 11 columns] 
2020-11-07 19:58:47 : 0         8340.0
132941       NaN
132942       NaN
132943       NaN
1         8320.0
2         8340.0
132944       NaN
3         8340.0
4         8340.0
5         8340.0
Name: close, dtype: float64 
2020-11-07 19:59:29 : 0         8340.0
132941       NaN
132942       NaN
132943       NaN
1         8320.0
2         8340.0
132944       NaN
3         8340.0
4         8340.0
5         8340.0
Name: close, dtype: float64 
2020-11-07 19:59:51 : 0         8340.0
132941    8340.0
132942    8340.0
132943    8340.0
1         8320.0
2         8340.0
132944    8340.0
3         8340.0
4         8340.0
5         8340.0
Name: close, dtype: float64 
2020-11-07 20:00:06 : 0            0.0
132941       0.0
132942       0.0
132943       0.0
1            0.0
2          659.0
132944     659.0
3         1116.0
4         2039.0
5         3450.0
Name: sales_qu, dtype: float64 
2020-11-07 20:00:16 : 0           91.0
132941      91.0
132942      91.0
132943      91.0
1          101.0
2          462.0
132944     462.0
3         1105.0
4         1382.0
5         2031.0
Name: purchase_qu, dtype: float64 
2020-11-07 20:00:30 :             date  time    open    high  ...  volume  tr_amount  sales_qu purchase_qu
0       20181031   901  8250.0  8340.0  ...    None       None       0.0        91.0
132941  20181031   902     NaN     NaN  ...    None       None       0.0        91.0
132942  20181031   903     NaN     NaN  ...    None       None       0.0        91.0
132943  20181031   904     NaN     NaN  ...    None       None       0.0        91.0
1       20181031   905  8320.0  8320.0  ...    None       None       0.0       101.0
2       20181031   906  8320.0  8340.0  ...    None       None     659.0       462.0
132944  20181031   907     NaN     NaN  ...    None       None     659.0       462.0
3       20181031   908  8340.0  8340.0  ...    None       None    1116.0      1105.0
4       20181031   909  8340.0  8340.0  ...    None       None    2039.0      1382.0
5       20181031   910  8340.0  8350.0  ...    None       None    3450.0      2031.0

[10 rows x 11 columns] 
2020-11-07 20:00:58 :             date  time    open    high  ...  volume  tr_amount  sales_qu purchase_qu
0       20181031   901  8250.0  8340.0  ...    None       None       0.0        91.0
132941  20181031   902     NaN     NaN  ...    None       None       0.0        91.0
132942  20181031   903     NaN     NaN  ...    None       None       0.0        91.0
132943  20181031   904     NaN     NaN  ...    None       None       0.0        91.0
1       20181031   905  8320.0  8320.0  ...    None       None       0.0       101.0
2       20181031   906  8320.0  8340.0  ...    None       None     659.0       462.0
132944  20181031   907     NaN     NaN  ...    None       None     659.0       462.0
3       20181031   908  8340.0  8340.0  ...    None       None    1116.0      1105.0
4       20181031   909  8340.0  8340.0  ...    None       None    2039.0      1382.0
5       20181031   910  8340.0  8350.0  ...    None       None    3450.0      2031.0

[10 rows x 11 columns] 
2020-11-07 20:01:24 :             date  time    open    high  ...  volume  tr_amount  sales_qu purchase_qu
0       20181031   901  8250.0  8340.0  ...    None       None       0.0        91.0
132941  20181031   902     NaN     NaN  ...    None       None       0.0        91.0
132942  20181031   903     NaN     NaN  ...    None       None       0.0        91.0
132943  20181031   904     NaN     NaN  ...    None       None       0.0        91.0
1       20181031   905  8320.0  8320.0  ...    None       None       0.0       101.0
2       20181031   906  8320.0  8340.0  ...    None       None     659.0       462.0
132944  20181031   907     NaN     NaN  ...    None       None     659.0       462.0
3       20181031   908  8340.0  8340.0  ...    None       None    1116.0      1105.0
4       20181031   909  8340.0  8340.0  ...    None       None    2039.0      1382.0
5       20181031   910  8340.0  8350.0  ...    None       None    3450.0      2031.0

[10 rows x 11 columns] 
2020-11-07 20:02:09 :               date   time    open  ...  tr_amount  sales_qu  purchase_qu
0       20181031.0  901.0  8250.0  ...       None       0.0         91.0
132941  20181031.0  902.0     NaN  ...       None       0.0         91.0
132942  20181031.0  903.0     NaN  ...       None       0.0         91.0
132943  20181031.0  904.0     NaN  ...       None       0.0         91.0
1       20181031.0  905.0  8320.0  ...       None       0.0        101.0
2       20181031.0  906.0  8320.0  ...       None     659.0        462.0
132944  20181031.0  907.0     NaN  ...       None     659.0        462.0
3       20181031.0  908.0  8340.0  ...       None    1116.0       1105.0
4       20181031.0  909.0  8340.0  ...       None    2039.0       1382.0
5       20181031.0  910.0  8340.0  ...       None    3450.0       2031.0

[10 rows x 11 columns] 
2020-11-07 20:02:35 :               date   time    open  ...   tr_amount  sales_qu  purchase_qu
0       20181031.0  901.0  8250.0  ...    750000.0       0.0         91.0
132941  20181031.0  902.0     NaN  ...         0.0       0.0         91.0
132942  20181031.0  903.0     NaN  ...         0.0       0.0         91.0
132943  20181031.0  904.0     NaN  ...         0.0       0.0         91.0
1       20181031.0  905.0  8320.0  ...     80000.0       0.0        101.0
2       20181031.0  906.0  8320.0  ...   8510000.0     659.0        462.0
132944  20181031.0  907.0     NaN  ...         0.0     659.0        462.0
3       20181031.0  908.0  8340.0  ...   9170000.0    1116.0       1105.0
4       20181031.0  909.0  8340.0  ...  10010000.0    2039.0       1382.0
5       20181031.0  910.0  8340.0  ...  17180000.0    3450.0       2031.0

[10 rows x 11 columns] 
2020-11-07 20:03:47 :               date   time    open  ...   tr_amount  sales_qu  purchase_qu
0       20181031.0  901.0  8250.0  ...    750000.0       0.0         91.0
132941  20181031.0  902.0  8340.0  ...         0.0       0.0         91.0
132942  20181031.0  903.0  8340.0  ...         0.0       0.0         91.0
132943  20181031.0  904.0  8340.0  ...         0.0       0.0         91.0
1       20181031.0  905.0  8320.0  ...     80000.0       0.0        101.0
2       20181031.0  906.0  8320.0  ...   8510000.0     659.0        462.0
132944  20181031.0  907.0  8340.0  ...         0.0     659.0        462.0
3       20181031.0  908.0  8340.0  ...   9170000.0    1116.0       1105.0
4       20181031.0  909.0  8340.0  ...  10010000.0    2039.0       1382.0
5       20181031.0  910.0  8340.0  ...  17180000.0    3450.0       2031.0

[10 rows x 11 columns] 
2020-11-07 20:04:14 : 0          0.0
132941     0.0
132942     0.0
132943    20.0
1        -20.0
2          0.0
132944     0.0
3          0.0
4          0.0
5          0.0
Name: prev, dtype: float64 
2020-11-07 20:04:55 : 0          NaN
132941     0.0
132942     0.0
132943     0.0
1        -20.0
2         20.0
132944     0.0
3          0.0
4          0.0
5          0.0
Name: prev, dtype: float64 
2020-11-07 22:38:48 : 진행 시간 - 00:47 | 테스트 끝  
2020-11-07 22:43:02 : 진행 시간 - 00:47 | 테스트 끝  
2020-11-07 22:49:14 : 진행 시간 - 00:47 | 테스트 끝  
2020-11-07 23:02:07 : 진행 시간 - 00:04 | 학습 시작  
2020-11-07 23:12:35 : 진행 시간 - 00:15 | 학습 시작  
2020-11-07 23:18:21 : 진행 시간 - 00:17 | 학습 시작  
2020-11-07 23:19:23 : 진행 시간 - 00:17 | 학습 시작  
2020-11-07 23:25:58 : 진행 시간 - 00:15 | 학습 시작  
2020-11-07 23:29:48 : 진행 시간 - 00:18 | 학습 시작  
2020-11-07 23:38:46 : 진행 시간 - 00:16 | 학습 시작  
2020-11-07 23:42:56 : 진행 시간 - 00:15 | 학습 시작  
2020-11-07 23:45:08 : 진행 시간 - 00:16 | 학습 시작  
2020-11-07 23:45:54 : 진행 시간 - 00:15 | 학습 시작  
2020-11-07 23:48:25 : 진행 시간 - 00:17 | 학습 시작  
2020-11-07 23:50:42 : 진행 시간 - 00:16 | 학습 시작  
